Mono path[0] = 'C:/Games/Derail Valley/DerailValley_Data/Managed'
Mono config path = 'C:/Games/Derail Valley/MonoBleedingEdge/etc'
Initialize engine version: 2019.4.40f1 (ffc62b691db5)
[Subsystems] Discovering subsystems at path C:/Games/Derail Valley/DerailValley_Data/UnitySubsystems
GfxDevice: creating device client; threaded=1
Direct3D:
    Version:  Direct3D 11.0 [level 11.1]
    Renderer: NVIDIA GeForce GTX 1660 (ID=0x2184)
    Vendor:   
    VRAM:     5980 MB
    Driver:   31.0.15.3640
Begin MonoManager ReloadAssembly
- Completed reload, in  0.146 seconds
<RI> Initializing input.
<RI> Input initialized.
<RI> Initialized touch support.
The referenced script on this Behaviour (Game Object '[init]') is missing! 
(Filename:  Line: 334)

UnloadTime: 0.435500 ms
[Globals] fetching default config from resources 
(Filename: C:\buildslave\unity\build\Runtime/Export/Debug/Debug.bindings.h Line: 39)

Initializing console 
(Filename: C:\buildslave\unity\build\Runtime/Export/Debug/Debug.bindings.h Line: 39)

Creating UnloadWatcher singleton instance '[UnloadWatcher]' automatically 
(Filename: C:\buildslave\unity\build\Runtime/Export/Debug/Debug.bindings.h Line: 39)

Build version: Build #95
Build destination: steam
Build timestamp: 2023-07-21 15:50:07.407289 UTC
Build number: build1047
Build type: release
Build GUID: 9550eb492884d434da3e1b5325cf5a3c
App version: 0.95
App identifier: 
Build tags: 
OS: Windows 10  (10.0.19044) 64bit
CPU: Intel(R) Core(TM) i5-9600K CPU @ 3.70GHz
CPU freq: 3696
RAM: 16302
GPU: NVIDIA GeForce GTX 1660
GPU vendor: NVIDIA
GPU memory: 5980
Log timestamp: 2023-08-18 17:12:23 UTC 
(Filename: C:\buildslave\unity\build\Runtime/Export/Debug/Debug.bindings.h Line: 39)

Command line args:
C:\Games\Derail Valley\DerailValley.exe 
(Filename: C:\buildslave\unity\build\Runtime/Export/Debug/Debug.bindings.h Line: 39)

[bootstrap] Switching VR device from "" to "OpenVR" 
(Filename: C:\buildslave\unity\build\Runtime/Export/Debug/Debug.bindings.h Line: 39)

DV.DopplerEffects.ADopplerListener doesn't implement AllowAutoCreate method, assuming 'false' 
(Filename: C:\buildslave\unity\build\Runtime/Export/Debug/Debug.bindings.h Line: 39)

XR: OpenVR Error! OpenVR failed initialization with error code VRInitError_Init_PathRegistryNotFound: "Installation path could not be located (110)"! 
(Filename:  Line: 1889)

[bootstrap] Couldn't automatically load VR device, game will start in non-VR mode 
(Filename: C:\buildslave\unity\build\Runtime/Export/Debug/Debug.bindings.h Line: 39)

UiVisibilityManagerNonvr doesn't implement AllowAutoCreate method, assuming 'false' 
(Filename: C:\buildslave\unity\build\Runtime/Export/Debug/Debug.bindings.h Line: 39)

[bootstrap] Skipping entitlement check, switching to next scene 
(Filename: C:\buildslave\unity\build\Runtime/Export/Debug/Debug.bindings.h Line: 39)

[SceneSwitcher] bootstrapping to next scene with index 1 
(Filename: C:\buildslave\unity\build\Runtime/Export/Debug/Debug.bindings.h Line: 39)

Unloading 6 Unused Serialized files (Serialized files now loaded: 0)
UnloadTime: 2.560600 ms

Unloading 64 unused Assets to reduce memory usage. Loaded Objects now: 123825.
Total: 92.180600 ms (FindLiveObjects: 5.973600 ms CreateObjectMapping: 13.229200 ms MarkObjects: 72.677100 ms  DeleteObjects: 0.300200 ms)

C:\Games\Derail Valley\localization 
(Filename: C:\buildslave\unity\build\Runtime/Export/Debug/Debug.bindings.h Line: 39)

[LocalizationLoader] Ingesting localization from C:\Games\Derail Valley\localization 
(Filename: C:\buildslave\unity\build\Runtime/Export/Debug/Debug.bindings.h Line: 39)

[LocalizationLoader] didn't find dir 'C:\Games\Derail Valley\localization', will not ingest new localizations 
(Filename: C:\buildslave\unity\build\Runtime/Export/Debug/Debug.bindings.h Line: 39)

[SceneSwitcher] bootstrapping to next scene with index 2 
(Filename: C:\buildslave\unity\build\Runtime/Export/Debug/Debug.bindings.h Line: 39)

Unloading 4 Unused Serialized files (Serialized files now loaded: 0)
UnloadTime: 0.876400 ms
[SceneSwitcher] no queued scene, switching to next scene with index 3 (nextSceneToLoad was -1) 
(Filename: C:\buildslave\unity\build\Runtime/Export/Debug/Debug.bindings.h Line: 39)


Unloading 1 unused Assets to reduce memory usage. Loaded Objects now: 123824.
Total: 87.218100 ms (FindLiveObjects: 4.048800 ms CreateObjectMapping: 10.937200 ms MarkObjects: 72.056400 ms  DeleteObjects: 0.175200 ms)

Unloading 5 Unused Serialized files (Serialized files now loaded: 0)
UnloadTime: 0.912100 ms
DV.UserManagement.UserManager doesn't implement AllowAutoCreate method, assuming 'false' 
(Filename: C:\buildslave\unity\build\Runtime/Export/Debug/Debug.bindings.h Line: 39)

[UserManagerInstantiator] instantiating a new UserManager 
(Filename: C:\buildslave\unity\build\Runtime/Export/Debug/Debug.bindings.h Line: 39)

Checking for save imports... 
(Filename: C:\buildslave\unity\build\Runtime/Export/Debug/Debug.bindings.h Line: 39)

No new save imports for Player 
(Filename: C:\buildslave\unity\build\Runtime/Export/Debug/Debug.bindings.h Line: 39)

Save importing phase done. 
(Filename: C:\buildslave\unity\build\Runtime/Export/Debug/Debug.bindings.h Line: 39)

Wrote key bindings configuration: C:\Users\Dmytro\AppData\LocalLow\Altfuture\Derail Valley\Preferences\000_Player.ini 
(Filename: C:\buildslave\unity\build\Runtime/Export/Debug/Debug.bindings.h Line: 39)

Wrote game preferences configuration: C:\Users\Dmytro\AppData\LocalLow\Altfuture\Derail Valley\Preferences\000_Player.ini 
(Filename: C:\buildslave\unity\build\Runtime/Export/Debug/Debug.bindings.h Line: 39)

Wrote game preferences configuration: C:\Users\Dmytro\AppData\LocalLow\Altfuture\Derail Valley\Preferences\000_Player.ini 
(Filename: C:\buildslave\unity\build\Runtime/Export/Debug/Debug.bindings.h Line: 39)

Wrote game preferences configuration: C:\Users\Dmytro\AppData\LocalLow\Altfuture\Derail Valley\Preferences\000_Player.ini 
(Filename: C:\buildslave\unity\build\Runtime/Export/Debug/Debug.bindings.h Line: 39)

Using ScenarioCRUD path 'C:/Users/Dmytro/AppData/LocalLow/Altfuture/Derail Valley/Users/000_Player/GameData/assets' 
(Filename: C:\buildslave\unity\build\Runtime/Export/Debug/Debug.bindings.h Line: 39)

Check for unsaved difficulties... 
(Filename: C:\buildslave\unity\build\Runtime/Export/Debug/Debug.bindings.h Line: 39)

Unsaved difficulties phase done. 
(Filename: C:\buildslave\unity\build\Runtime/Export/Debug/Debug.bindings.h Line: 39)

ManualDataLoader: Manual data loaded for language: 'russian'. 
(Filename: C:\buildslave\unity\build\Runtime/Export/Debug/Debug.bindings.h Line: 39)

SaveLoadController session is null 
(Filename: C:\buildslave\unity\build\Runtime/Export/Debug/Debug.bindings.h Line: 39)

RefreshData fallback to empty lists (gameMode: '', userProfileProvider null?: True, scenariosProvider null?: True) 
(Filename: C:\buildslave\unity\build\Runtime/Export/Debug/Debug.bindings.h Line: 39)

RefreshData fallback to empty lists (gameMode: '', userProfileProvider null?: True, scenariosProvider null?: True) 
(Filename: C:\buildslave\unity\build\Runtime/Export/Debug/Debug.bindings.h Line: 39)


Unloading 1 unused Assets to reduce memory usage. Loaded Objects now: 151511.
Total: 143.052300 ms (FindLiveObjects: 13.234600 ms CreateObjectMapping: 13.716800 ms MarkObjects: 115.829200 ms  DeleteObjects: 0.271000 ms)

VR is not enabled, destroying MainMenuVREnabler 
(Filename: C:\buildslave\unity\build\Runtime/Export/Debug/Debug.bindings.h Line: 39)

Supported resolutions: 
800 x 600
1024 x 768
1152 x 864
1280 x 720
1280 x 768
1280 x 800
1280 x 960
1280 x 1024
1360 x 768
1366 x 768
1440 x 900
1440 x 1080
1600 x 900
1600 x 1024
1680 x 1050
1920 x 1080 
(Filename: C:\buildslave\unity\build\Runtime/Export/Debug/Debug.bindings.h Line: 39)

SaveLoadController session is null 
(Filename: C:\buildslave\unity\build\Runtime/Export/Debug/Debug.bindings.h Line: 39)

Creating UnlockablesManager singleton instance '[UnlockablesManager]' automatically 
(Filename: C:\buildslave\unity\build\Runtime/Export/Debug/Debug.bindings.h Line: 39)

Recalculating DVObjectModel caches 
(Filename: C:\buildslave\unity\build\Runtime/Export/Debug/Debug.bindings.h Line: 39)

Creating DV.Telemetry.TelemetryCentral singleton instance '[TelemetryCentral]' automatically 
(Filename: C:\buildslave\unity\build\Runtime/Export/Debug/Debug.bindings.h Line: 39)

UIMenuController proceeding with switching the menu to index 0 
(Filename: C:\buildslave\unity\build\Runtime/Export/Debug/Debug.bindings.h Line: 39)

Unloading 0 Unused Serialized files (Serialized files now loaded: 0)
WorldStreamingInit doesn't implement AllowAutoCreate method, assuming 'false' 
(Filename: C:\buildslave\unity\build\Runtime/Export/Debug/Debug.bindings.h Line: 39)


Unloading 275 unused Assets to reduce memory usage. Loaded Objects now: 153154.
Total: 139.200100 ms (FindLiveObjects: 6.820500 ms CreateObjectMapping: 10.899800 ms MarkObjects: 120.058200 ms  DeleteObjects: 1.421100 ms)

[MainMenuMusicFadeout] waiting for loading screen progress 
(Filename: C:\buildslave\unity\build\Runtime/Export/Debug/Debug.bindings.h Line: 39)

Creating CoroutineManager singleton instance '[coroutine manager]' automatically 
(Filename: C:\buildslave\unity\build\Runtime/Export/Debug/Debug.bindings.h Line: 39)

Unloading 4 Unused Serialized files (Serialized files now loaded: 0)
UnloadTime: 35.065900 ms
[SceneSwitcher] switching to queued scene with index 4 
(Filename: C:\buildslave\unity\build\Runtime/Export/Debug/Debug.bindings.h Line: 39)


Unloading 741 unused Assets to reduce memory usage. Loaded Objects now: 124646.
Total: 100.022800 ms (FindLiveObjects: 4.133200 ms CreateObjectMapping: 10.076100 ms MarkObjects: 84.550100 ms  DeleteObjects: 1.263000 ms)

Unloading 6 Unused Serialized files (Serialized files now loaded: 0)
UnloadTime: 0.939900 ms
[UserManagerInstantiator] doing nothing, UserManager already exists 
(Filename: C:\buildslave\unity\build\Runtime/Export/Debug/Debug.bindings.h Line: 39)

Wrote key bindings configuration: C:\Users\Dmytro\AppData\LocalLow\Altfuture\Derail Valley\Preferences\000_Player.ini 
(Filename: C:\buildslave\unity\build\Runtime/Export/Debug/Debug.bindings.h Line: 39)

Wrote game preferences configuration: C:\Users\Dmytro\AppData\LocalLow\Altfuture\Derail Valley\Preferences\000_Player.ini 
(Filename: C:\buildslave\unity\build\Runtime/Export/Debug/Debug.bindings.h Line: 39)

Wrote game preferences configuration: C:\Users\Dmytro\AppData\LocalLow\Altfuture\Derail Valley\Preferences\000_Player.ini 
(Filename: C:\buildslave\unity\build\Runtime/Export/Debug/Debug.bindings.h Line: 39)

Wrote game preferences configuration: C:\Users\Dmytro\AppData\LocalLow\Altfuture\Derail Valley\Preferences\000_Player.ini 
(Filename: C:\buildslave\unity\build\Runtime/Export/Debug/Debug.bindings.h Line: 39)

[MemoryMonitoring] free: 10357016 KB, total: 19052612 KB 
(Filename: C:\buildslave\unity\build\Runtime/Export/Debug/Debug.bindings.h Line: 39)

Creating CoroutineManager singleton instance '[coroutine manager]' automatically 
(Filename: C:\buildslave\unity\build\Runtime/Export/Debug/Debug.bindings.h Line: 39)

[Loading] загрузка начальных игровых данных (step: 1, frame: 12535) 
(Filename: C:\buildslave\unity\build\Runtime/Export/Debug/Debug.bindings.h Line: 39)

Creating DV.UI.LocoHUD.HUDHoverManager singleton instance '[HUDHoverManager]' automatically 
(Filename: C:\buildslave\unity\build\Runtime/Export/Debug/Debug.bindings.h Line: 39)

Creating DV.Telemetry.TelemetryCentral singleton instance '[TelemetryCentral]' automatically 
(Filename: C:\buildslave\unity\build\Runtime/Export/Debug/Debug.bindings.h Line: 39)

Creating DV.Debugging.EffectsTogglerDebug singleton instance '[EffectsTogglerDebug]' automatically 
(Filename: C:\buildslave\unity\build\Runtime/Export/Debug/Debug.bindings.h Line: 39)

Creating DV.AppUtil singleton instance '[AppUtil]' automatically 
(Filename: C:\buildslave\unity\build\Runtime/Export/Debug/Debug.bindings.h Line: 39)


Unloading 187 unused Assets to reduce memory usage. Loaded Objects now: 193298.
Total: 156.691900 ms (FindLiveObjects: 12.908400 ms CreateObjectMapping: 15.512600 ms MarkObjects: 127.821900 ms  DeleteObjects: 0.448200 ms)

Creating LoadingScreenManager singleton instance '[LoadingScreenManager]' automatically 
(Filename: C:\buildslave\unity\build\Runtime/Export/Debug/Debug.bindings.h Line: 39)

Parent of RectTransform is being set with parent property. Consider using the SetParent method instead, with the worldPositionStays argument set to false. This will retain local orientation and scale rather than world orientation and scale, which can prevent common UI scaling issues. 
(Filename: C:\buildslave\unity\build\Runtime/Export/Debug/Debug.bindings.h Line: 39)

Parent of RectTransform is being set with parent property. Consider using the SetParent method instead, with the worldPositionStays argument set to false. This will retain local orientation and scale rather than world orientation and scale, which can prevent common UI scaling issues. 
(Filename: C:\buildslave\unity\build\Runtime/Export/Debug/Debug.bindings.h Line: 39)

Supported resolutions: 
800 x 600
1024 x 768
1152 x 864
1280 x 720
1280 x 768
1280 x 800
1280 x 960
1280 x 1024
1360 x 768
1366 x 768
1440 x 900
1440 x 1080
1600 x 900
1600 x 1024
1680 x 1050
1920 x 1080 
(Filename: C:\buildslave\unity\build\Runtime/Export/Debug/Debug.bindings.h Line: 39)

Parent of RectTransform is being set with parent property. Consider using the SetParent method instead, with the worldPositionStays argument set to false. This will retain local orientation and scale rather than world orientation and scale, which can prevent common UI scaling issues. 
(Filename: C:\buildslave\unity\build\Runtime/Export/Debug/Debug.bindings.h Line: 39)

Parent of RectTransform is being set with parent property. Consider using the SetParent method instead, with the worldPositionStays argument set to false. This will retain local orientation and scale rather than world orientation and scale, which can prevent common UI scaling issues. 
(Filename: C:\buildslave\unity\build\Runtime/Export/Debug/Debug.bindings.h Line: 39)

Parent of RectTransform is being set with parent property. Consider using the SetParent method instead, with the worldPositionStays argument set to false. This will retain local orientation and scale rather than world orientation and scale, which can prevent common UI scaling issues. 
(Filename: C:\buildslave\unity\build\Runtime/Export/Debug/Debug.bindings.h Line: 39)

Parent of RectTransform is being set with parent property. Consider using the SetParent method instead, with the worldPositionStays argument set to false. This will retain local orientation and scale rather than world orientation and scale, which can prevent common UI scaling issues. 
(Filename: C:\buildslave\unity\build\Runtime/Export/Debug/Debug.bindings.h Line: 39)

Parent of RectTransform is being set with parent property. Consider using the SetParent method instead, with the worldPositionStays argument set to false. This will retain local orientation and scale rather than world orientation and scale, which can prevent common UI scaling issues. 
(Filename: C:\buildslave\unity\build\Runtime/Export/Debug/Debug.bindings.h Line: 39)

Parent of RectTransform is being set with parent property. Consider using the SetParent method instead, with the worldPositionStays argument set to false. This will retain local orientation and scale rather than world orientation and scale, which can prevent common UI scaling issues. 
(Filename: C:\buildslave\unity\build\Runtime/Export/Debug/Debug.bindings.h Line: 39)

Parent of RectTransform is being set with parent property. Consider using the SetParent method instead, with the worldPositionStays argument set to false. This will retain local orientation and scale rather than world orientation and scale, which can prevent common UI scaling issues. 
(Filename: C:\buildslave\unity\build\Runtime/Export/Debug/Debug.bindings.h Line: 39)

Parent of RectTransform is being set with parent property. Consider using the SetParent method instead, with the worldPositionStays argument set to false. This will retain local orientation and scale rather than world orientation and scale, which can prevent common UI scaling issues. 
(Filename: C:\buildslave\unity\build\Runtime/Export/Debug/Debug.bindings.h Line: 39)

Parent of RectTransform is being set with parent property. Consider using the SetParent method instead, with the worldPositionStays argument set to false. This will retain local orientation and scale rather than world orientation and scale, which can prevent common UI scaling issues. 
(Filename: C:\buildslave\unity\build\Runtime/Export/Debug/Debug.bindings.h Line: 39)

Parent of RectTransform is being set with parent property. Consider using the SetParent method instead, with the worldPositionStays argument set to false. This will retain local orientation and scale rather than world orientation and scale, which can prevent common UI scaling issues. 
(Filename: C:\buildslave\unity\build\Runtime/Export/Debug/Debug.bindings.h Line: 39)

Parent of RectTransform is being set with parent property. Consider using the SetParent method instead, with the worldPositionStays argument set to false. This will retain local orientation and scale rather than world orientation and scale, which can prevent common UI scaling issues. 
(Filename: C:\buildslave\unity\build\Runtime/Export/Debug/Debug.bindings.h Line: 39)

Parent of RectTransform is being set with parent property. Consider using the SetParent method instead, with the worldPositionStays argument set to false. This will retain local orientation and scale rather than world orientation and scale, which can prevent common UI scaling issues. 
(Filename: C:\buildslave\unity\build\Runtime/Export/Debug/Debug.bindings.h Line: 39)

Parent of RectTransform is being set with parent property. Consider using the SetParent method instead, with the worldPositionStays argument set to false. This will retain local orientation and scale rather than world orientation and scale, which can prevent common UI scaling issues. 
(Filename: C:\buildslave\unity\build\Runtime/Export/Debug/Debug.bindings.h Line: 39)

Parent of RectTransform is being set with parent property. Consider using the SetParent method instead, with the worldPositionStays argument set to false. This will retain local orientation and scale rather than world orientation and scale, which can prevent common UI scaling issues. 
(Filename: C:\buildslave\unity\build\Runtime/Export/Debug/Debug.bindings.h Line: 39)

Parent of RectTransform is being set with parent property. Consider using the SetParent method instead, with the worldPositionStays argument set to false. This will retain local orientation and scale rather than world orientation and scale, which can prevent common UI scaling issues. 
(Filename: C:\buildslave\unity\build\Runtime/Export/Debug/Debug.bindings.h Line: 39)

Parent of RectTransform is being set with parent property. Consider using the SetParent method instead, with the worldPositionStays argument set to false. This will retain local orientation and scale rather than world orientation and scale, which can prevent common UI scaling issues. 
(Filename: C:\buildslave\unity\build\Runtime/Export/Debug/Debug.bindings.h Line: 39)

Creating DV.UI.LocoHUD.HUDUpdateManager singleton instance '[HUDUpdateManager]' automatically 
(Filename: C:\buildslave\unity\build\Runtime/Export/Debug/Debug.bindings.h Line: 39)

Creating DV.Hovering.NonVRHoverManager singleton instance '[NonVRHoverManager]' automatically 
(Filename: C:\buildslave\unity\build\Runtime/Export/Debug/Debug.bindings.h Line: 39)

Creating DV.DopplerEffects.DopplerStopRequests singleton instance '[DopplerStopRequests]' automatically 
(Filename: C:\buildslave\unity\build\Runtime/Export/Debug/Debug.bindings.h Line: 39)

Creating ScreenspaceMouse singleton instance '[ScreenspaceMouse]' automatically 
(Filename: C:\buildslave\unity\build\Runtime/Export/Debug/Debug.bindings.h Line: 39)

Creating DV.PausePhysicsHandler singleton instance '[PausePhysicsHandler]' automatically 
(Filename: C:\buildslave\unity\build\Runtime/Export/Debug/Debug.bindings.h Line: 39)

Creating DV.Logic.Job.IdGenerator singleton instance '[IdGenerator]' automatically 
(Filename: C:\buildslave\unity\build\Runtime/Export/Debug/Debug.bindings.h Line: 39)

Creating DV.VFX.TrainVegetationInteractionManager singleton instance '[TrainVegetationInteractionManager]' automatically 
(Filename: C:\buildslave\unity\build\Runtime/Export/Debug/Debug.bindings.h Line: 39)

Creating DV.Simulation.Brake.HoseSeparationChecker singleton instance '[HoseSeparationChecker]' automatically 
(Filename: C:\buildslave\unity\build\Runtime/Export/Debug/Debug.bindings.h Line: 39)

SaveGameManager found StartGameData_FromSaveGame 
(Filename: C:\buildslave\unity\build\Runtime/Export/Debug/Debug.bindings.h Line: 39)

Overriding saved difficulty parameters via difficultyParamsOverride: Standard 
(Filename: C:\buildslave\unity\build\Runtime/Export/Debug/Debug.bindings.h Line: 39)

[Loading] инициализация растительности (step: 2, frame: 12536) 
(Filename: C:\buildslave\unity\build\Runtime/Export/Debug/Debug.bindings.h Line: 39)

[Loading] инициализация местности (step: 3, frame: 12537) 
(Filename: C:\buildslave\unity\build\Runtime/Export/Debug/Debug.bindings.h Line: 39)

WARNING: Shader Unsupported: 'Hidden/Nature/Terrain/Utilities' - All passes removed
WARNING: Shader Did you use #pragma only_renderers and omit this platform?
[Loading] загрузка путей (step: 4, frame: 12539) 
(Filename: C:\buildslave\unity\build\Runtime/Export/Debug/Debug.bindings.h Line: 39)

Creating TunnelCollisionIgnore+TunnelCollisionCache singleton instance '[TunnelCollisionCache]' automatically 
(Filename: C:\buildslave\unity\build\Runtime/Export/Debug/Debug.bindings.h Line: 39)

[Loading] загрузка железнодорожных объектов (step: 5, frame: 12541) 
(Filename: C:\buildslave\unity\build\Runtime/Export/Debug/Debug.bindings.h Line: 39)

Creating DV.WorldData singleton instance '[WorldData]' automatically 
(Filename: C:\buildslave\unity\build\Runtime/Export/Debug/Debug.bindings.h Line: 39)

Junctions hashes match 'FC85F2962C92ADC2CEAAB1EB08926870' 
(Filename: C:\buildslave\unity\build\Runtime/Export/Debug/Debug.bindings.h Line: 39)

Junctions state loaded 
(Filename: C:\buildslave\unity\build\Runtime/Export/Debug/Debug.bindings.h Line: 39)

[Loading] загрузка игрового контента (step: 6, frame: 12542) 
(Filename: C:\buildslave\unity\build\Runtime/Export/Debug/Debug.bindings.h Line: 39)

Creating LicenseManager singleton instance '[LicenseManager]' automatically 
(Filename: C:\buildslave\unity\build\Runtime/Export/Debug/Debug.bindings.h Line: 39)

Creating StorageController singleton instance '[StorageController]' automatically 
(Filename: C:\buildslave\unity\build\Runtime/Export/Debug/Debug.bindings.h Line: 39)

Creating DV.TimeKeeping.WorldClockController singleton instance '[WorldClockController]' automatically 
(Filename: C:\buildslave\unity\build\Runtime/Export/Debug/Debug.bindings.h Line: 39)

Unable to find style 'miniButton' in skin 'GameSkin' repaint 
(Filename: C:\buildslave\unity\build\Runtime/Export/Debug/Debug.bindings.h Line: 39)

Unable to find style 'miniButton' in skin 'GameSkin' repaint 
(Filename: C:\buildslave\unity\build\Runtime/Export/Debug/Debug.bindings.h Line: 39)

Creating DV.ItemDisablerGrid singleton instance '[ItemDisablerGrid]' automatically 
(Filename: C:\buildslave\unity\build\Runtime/Export/Debug/Debug.bindings.h Line: 39)

TerrainImposter new bounds (100.0, 4800.0, 100.0) 
(Filename: C:\buildslave\unity\build\Runtime/Export/Debug/Debug.bindings.h Line: 39)

Creating ReflectionProbeScheduler singleton instance '[ReflectionProbeScheduler]' automatically 
(Filename: C:\buildslave\unity\build\Runtime/Export/Debug/Debug.bindings.h Line: 39)

Creating RailTrackRegistry singleton instance '[RailTrackRegistry]' automatically 
(Filename: C:\buildslave\unity\build\Runtime/Export/Debug/Debug.bindings.h Line: 39)

RailTrackRegistry found 1637 tracks using FindObjectsOfType 
(Filename: C:\buildslave\unity\build\Runtime/Export/Debug/Debug.bindings.h Line: 39)

TutorialReferencer waiting for player 
(Filename: C:\buildslave\unity\build\Runtime/Export/Debug/Debug.bindings.h Line: 39)

[TutorialEnabler] completedTutorialPartOne: True, completedTutorialPartTwo: True, completedTutorialAll: True 
(Filename: C:\buildslave\unity\build\Runtime/Export/Debug/Debug.bindings.h Line: 39)

[TutorialEnabler] Not enabling tutorial 
(Filename: C:\buildslave\unity\build\Runtime/Export/Debug/Debug.bindings.h Line: 39)

Creating MouseWheelHoverScroller singleton instance '[MouseWheelHoverScroller]' automatically 
(Filename: C:\buildslave\unity\build\Runtime/Export/Debug/Debug.bindings.h Line: 39)

Creating DV.UI.CursorManager singleton instance '[CursorManager]' automatically 
(Filename: C:\buildslave\unity\build\Runtime/Export/Debug/Debug.bindings.h Line: 39)

Creating CookeryVolumeTracker+VolumeUpdater singleton instance '[Cookery volume tracker]' automatically 
(Filename: C:\buildslave\unity\build\Runtime/Export/Debug/Debug.bindings.h Line: 39)

[Loading] создание игрока (step: 7, frame: 12544) 
(Filename: C:\buildslave\unity\build\Runtime/Export/Debug/Debug.bindings.h Line: 39)

Creating YardTracksOrganizer singleton instance '[YardTracksOrganizer]' automatically 
(Filename: C:\buildslave\unity\build\Runtime/Export/Debug/Debug.bindings.h Line: 39)

[Loading] инициализация вагонного парка (step: 8, frame: 12545) 
(Filename: C:\buildslave\unity\build\Runtime/Export/Debug/Debug.bindings.h Line: 39)

Car pool initialized. 
(Filename: C:\buildslave\unity\build\Runtime/Export/Debug/Debug.bindings.h Line: 39)

[Loading] восстановление сохранённой игры (step: 9, frame: 12589) 
(Filename: C:\buildslave\unity\build\Runtime/Export/Debug/Debug.bindings.h Line: 39)

Verified unchanged difficulty: True 
(Filename: C:\buildslave\unity\build\Runtime/Export/Debug/Debug.bindings.h Line: 39)

Loaded time and date 07/21/2016 22:56:11 
(Filename: C:\buildslave\unity\build\Runtime/Export/Debug/Debug.bindings.h Line: 39)

Creating DV.BedSleepingController singleton instance '[BedSleepingController]' automatically 
(Filename: C:\buildslave\unity\build\Runtime/Export/Debug/Debug.bindings.h Line: 39)

[BedSleepingController] Last bed wakeup time initialized to 07/21/2016 14:56:11 
(Filename: C:\buildslave\unity\build\Runtime/Export/Debug/Debug.bindings.h Line: 39)

[BedSleepingController] Loaded last bed wakeup time: 07/21/2016 14:43:33 
(Filename: C:\buildslave\unity\build\Runtime/Export/Debug/Debug.bindings.h Line: 39)

Creating UnlockablesManager singleton instance '[UnlockablesManager]' automatically 
(Filename: C:\buildslave\unity\build\Runtime/Export/Debug/Debug.bindings.h Line: 39)

Unlocked general licenses: TrainDriver, DE2 
(Filename: C:\buildslave\unity\build\Runtime/Export/Debug/Debug.bindings.h Line: 39)

Unlocked job licenses: FreightHaul, Shunting 
(Filename: C:\buildslave\unity\build\Runtime/Export/Debug/Debug.bindings.h Line: 39)

Unlocked garages:  
(Filename: C:\buildslave\unity\build\Runtime/Export/Debug/Debug.bindings.h Line: 39)

Unlocked items:  
(Filename: C:\buildslave\unity\build\Runtime/Export/Debug/Debug.bindings.h Line: 39)

Loaded player position: (12849.6, 140.2, 11046.3) 
(Filename: C:\buildslave\unity\build\Runtime/Export/Debug/Debug.bindings.h Line: 39)

Loaded Licenses and Garages:
GL: GeneralLicenseType_TrainDriver (DV.ThingTypes.GeneralLicenseType_v2), GeneralLicenseType_DE2 (DV.ThingTypes.GeneralLicenseType_v2), 
JL: System.Collections.Generic.HashSet`1[DV.ThingTypes.JobLicenseType_v2]
 
(Filename: C:\buildslave\unity\build\Runtime/Export/Debug/Debug.bindings.h Line: 39)

Rail track hashes match '346E0028A5155A369B04E806CD53269A' 
(Filename: C:\buildslave\unity\build\Runtime/Export/Debug/Debug.bindings.h Line: 39)

Creating UnusedTrainCarDeleter singleton instance '[UnusedTrainCarDeleter]' automatically 
(Filename: C:\buildslave\unity\build\Runtime/Export/Debug/Debug.bindings.h Line: 39)

Creating DV.PhysicsStuff.PhysicsLodManager singleton instance '[physics lod]' automatically 
(Filename: C:\buildslave\unity\build\Runtime/Export/Debug/Debug.bindings.h Line: 39)

Port reader [tm.DYNAMIC_BRAKE] is not set. 
(Filename: C:\buildslave\unity\build\Runtime/Export/Debug/Debug.bindings.h Line: 39)

Port reader [tmPassiveCooler.TARGET_TEMPERATURE] is not set. 
(Filename: C:\buildslave\unity\build\Runtime/Export/Debug/Debug.bindings.h Line: 39)

Port reader [tmDirectionalCooler.TARGET_TEMPERATURE] is not set. 
(Filename: C:\buildslave\unity\build\Runtime/Export/Debug/Debug.bindings.h Line: 39)

Port reader [de.INTERNAL_ENGINE_OFF] is not set. 
(Filename: C:\buildslave\unity\build\Runtime/Export/Debug/Debug.bindings.h Line: 39)

Port reader [de.SEC_GOAL_POWER] is not set. 
(Filename: C:\buildslave\unity\build\Runtime/Export/Debug/Debug.bindings.h Line: 39)

Port reader [de.TEMPERATURE] is not set. 
(Filename: C:\buildslave\unity\build\Runtime/Export/Debug/Debug.bindings.h Line: 39)

Creating DV.InternalExternalSnapshotSwitcherManager singleton instance '[InternalExternalSnapshotSwitcherManager]' automatically 
(Filename: C:\buildslave\unity\build\Runtime/Export/Debug/Debug.bindings.h Line: 39)

Creating DV.ServicePenalty.LocoDebtController singleton instance '[LocoDebtController]' automatically 
(Filename: C:\buildslave\unity\build\Runtime/Export/Debug/Debug.bindings.h Line: 39)

Creating DV.ServicePenalty.CareerManagerDebtController singleton instance '[CareerManagerDebtController]' automatically 
(Filename: C:\buildslave\unity\build\Runtime/Export/Debug/Debug.bindings.h Line: 39)

Port reader [de.RETARDER] is not set. 
(Filename: C:\buildslave\unity\build\Runtime/Export/Debug/Debug.bindings.h Line: 39)

Port reader [fcCooler.TARGET_TEMPERATURE] is not set. 
(Filename: C:\buildslave\unity\build\Runtime/Export/Debug/Debug.bindings.h Line: 39)

Port reader [fcAutomaticCooler.TARGET_TEMPERATURE] is not set. 
(Filename: C:\buildslave\unity\build\Runtime/Export/Debug/Debug.bindings.h Line: 39)

Port reader [tm.DYNAMIC_BRAKE] is not set. 
(Filename: C:\buildslave\unity\build\Runtime/Export/Debug/Debug.bindings.h Line: 39)

Port reader [tmPassiveCooler.TARGET_TEMPERATURE] is not set. 
(Filename: C:\buildslave\unity\build\Runtime/Export/Debug/Debug.bindings.h Line: 39)

Port reader [tmDirectionalCooler.TARGET_TEMPERATURE] is not set. 
(Filename: C:\buildslave\unity\build\Runtime/Export/Debug/Debug.bindings.h Line: 39)

Port reader [de.INTERNAL_ENGINE_OFF] is not set. 
(Filename: C:\buildslave\unity\build\Runtime/Export/Debug/Debug.bindings.h Line: 39)

Port reader [de.SEC_GOAL_POWER] is not set. 
(Filename: C:\buildslave\unity\build\Runtime/Export/Debug/Debug.bindings.h Line: 39)

Port reader [de.TEMPERATURE] is not set. 
(Filename: C:\buildslave\unity\build\Runtime/Export/Debug/Debug.bindings.h Line: 39)

Port reader [tm.DYNAMIC_BRAKE] is not set. 
(Filename: C:\buildslave\unity\build\Runtime/Export/Debug/Debug.bindings.h Line: 39)

Port reader [tmPassiveCooler.TARGET_TEMPERATURE] is not set. 
(Filename: C:\buildslave\unity\build\Runtime/Export/Debug/Debug.bindings.h Line: 39)

Port reader [tmDirectionalCooler.TARGET_TEMPERATURE] is not set. 
(Filename: C:\buildslave\unity\build\Runtime/Export/Debug/Debug.bindings.h Line: 39)

Port reader [de.INTERNAL_ENGINE_OFF] is not set. 
(Filename: C:\buildslave\unity\build\Runtime/Export/Debug/Debug.bindings.h Line: 39)

Port reader [de.SEC_GOAL_POWER] is not set. 
(Filename: C:\buildslave\unity\build\Runtime/Export/Debug/Debug.bindings.h Line: 39)

Port reader [de.TEMPERATURE] is not set. 
(Filename: C:\buildslave\unity\build\Runtime/Export/Debug/Debug.bindings.h Line: 39)

Cars loaded 
(Filename: C:\buildslave\unity\build\Runtime/Export/Debug/Debug.bindings.h Line: 39)

[Loading] ожидание окончания загрузки местности (step: 10, frame: 12592) 
(Filename: C:\buildslave\unity\build\Runtime/Export/Debug/Debug.bindings.h Line: 39)

Waiting for TerrainGrid to load terrains 
(Filename: C:\buildslave\unity\build\Runtime/Export/Debug/Debug.bindings.h Line: 39)

[Loading] инициализация стриминга (step: 11, frame: 12642) 
(Filename: C:\buildslave\unity\build\Runtime/Export/Debug/Debug.bindings.h Line: 39)

[Loading] ожидание окончания загрузки стриминга данных (step: 12, frame: 12643) 
(Filename: C:\buildslave\unity\build\Runtime/Export/Debug/Debug.bindings.h Line: 39)

[MainMenuMusicFadeout] starting fade-out 
(Filename: C:\buildslave\unity\build\Runtime/Export/Debug/Debug.bindings.h Line: 39)

UpdateVSProCamera assigning camera 'camera' 
(Filename: C:\buildslave\unity\build\Runtime/Export/Debug/Debug.bindings.h Line: 39)

LayerLODSetup updating culling distances for camera 'camera' 
(Filename: C:\buildslave\unity\build\Runtime/Export/Debug/Debug.bindings.h Line: 39)

StartingItemsController initializing 
(Filename: C:\buildslave\unity\build\Runtime/Export/Debug/Debug.bindings.h Line: 39)

Creating JobSaveManager singleton instance '[JobSaveManager]' automatically 
(Filename: C:\buildslave\unity\build\Runtime/Export/Debug/Debug.bindings.h Line: 39)

Creating DV.Logic.Job.JobsManager singleton instance '[JobsManager]' automatically 
(Filename: C:\buildslave\unity\build\Runtime/Export/Debug/Debug.bindings.h Line: 39)

Creating DV.ServicePenalty.JobDebtController singleton instance '[JobDebtController]' automatically 
(Filename: C:\buildslave\unity\build\Runtime/Export/Debug/Debug.bindings.h Line: 39)

Successfully loaded job chain: [LOADED] ChainJob[Transport]: GF - FF 
(Filename: C:\buildslave\unity\build\Runtime/Export/Debug/Debug.bindings.h Line: 39)

Successfully loaded job chain: [LOADED] ChainJob[Transport]: GF - MF 
(Filename: C:\buildslave\unity\build\Runtime/Export/Debug/Debug.bindings.h Line: 39)

Successfully loaded job chain: [LOADED] ChainJob[EmptyHaul]: GF - OWC 
(Filename: C:\buildslave\unity\build\Runtime/Export/Debug/Debug.bindings.h Line: 39)

Successfully loaded job chain: [LOADED] ChainJob[Transport]: GF - HB 
(Filename: C:\buildslave\unity\build\Runtime/Export/Debug/Debug.bindings.h Line: 39)

Successfully loaded job chain: [LOADED] ChainJob[ShuntingLoad]: GF - CSW 
(Filename: C:\buildslave\unity\build\Runtime/Export/Debug/Debug.bindings.h Line: 39)

Successfully loaded job chain: [LOADED] ChainJob[ShuntingUnload]: SM - GF 
(Filename: C:\buildslave\unity\build\Runtime/Export/Debug/Debug.bindings.h Line: 39)

Loaded existing locos debt 
(Filename: C:\buildslave\unity\build\Runtime/Export/Debug/Debug.bindings.h Line: 39)

Loaded destroyed locos debt 
(Filename: C:\buildslave\unity\build\Runtime/Export/Debug/Debug.bindings.h Line: 39)

Loaded existing jobs debt 
(Filename: C:\buildslave\unity\build\Runtime/Export/Debug/Debug.bindings.h Line: 39)

Loaded staged jobs debt 
(Filename: C:\buildslave\unity\build\Runtime/Export/Debug/Debug.bindings.h Line: 39)

Loaded deleted jobless cars debt 
(Filename: C:\buildslave\unity\build\Runtime/Export/Debug/Debug.bindings.h Line: 39)

Loaded insurance fee data 
(Filename: C:\buildslave\unity\build\Runtime/Export/Debug/Debug.bindings.h Line: 39)

Hazmat data loaded 
(Filename: C:\buildslave\unity\build\Runtime/Export/Debug/Debug.bindings.h Line: 39)

12748 - carsAndJobsLoadingFinished 
(Filename: C:\buildslave\unity\build\Runtime/Export/Debug/Debug.bindings.h Line: 39)

[Loading] Готово (step: 13, frame: 12748) 
(Filename: C:\buildslave\unity\build\Runtime/Export/Debug/Debug.bindings.h Line: 39)

SaveLoadController session is null 
(Filename: C:\buildslave\unity\build\Runtime/Export/Debug/Debug.bindings.h Line: 39)

UIMenuController proceeding with switching the menu to index 2 
(Filename: C:\buildslave\unity\build\Runtime/Export/Debug/Debug.bindings.h Line: 39)

UIMenuController proceeding with switching the menu to index 3 
(Filename: C:\buildslave\unity\build\Runtime/Export/Debug/Debug.bindings.h Line: 39)

ManualDataLoader: Manual data loaded for language: 'russian'. 
(Filename: C:\buildslave\unity\build\Runtime/Export/Debug/Debug.bindings.h Line: 39)

UIMenuController proceeding with switching the menu to index 4 
(Filename: C:\buildslave\unity\build\Runtime/Export/Debug/Debug.bindings.h Line: 39)

UIMenuController proceeding with switching the menu to index 1 
(Filename: C:\buildslave\unity\build\Runtime/Export/Debug/Debug.bindings.h Line: 39)

UIMenuController proceeding with switching the menu to index 2 
(Filename: C:\buildslave\unity\build\Runtime/Export/Debug/Debug.bindings.h Line: 39)

UIMenuController proceeding with switching the menu to index 0 
(Filename: C:\buildslave\unity\build\Runtime/Export/Debug/Debug.bindings.h Line: 39)

Destroying StartGameData_FromSaveGame '[start game data] (StartGameData_FromSaveGame)' 
(Filename: C:\buildslave\unity\build\Runtime/Export/Debug/Debug.bindings.h Line: 39)

[MainMenuMusicFadeout] destroying main menu music 
(Filename: C:\buildslave\unity\build\Runtime/Export/Debug/Debug.bindings.h Line: 39)

Creating MouseUiInputEvents singleton instance '[MouseUiInputEvents]' automatically 
(Filename: C:\buildslave\unity\build\Runtime/Export/Debug/Debug.bindings.h Line: 39)

Sleeping allowed.
Last sleep: 07/21 14:43
Current time: 07/21 23:26
Must wait: 8 hours
Time elapsed since last sleep: 8.71282777777778 hours
Is in moving car: False 
(Filename: C:\buildslave\unity\build\Runtime/Export/Debug/Debug.bindings.h Line: 39)

UIMenuController proceeding with switching the menu to index 0 
(Filename: C:\buildslave\unity\build\Runtime/Export/Debug/Debug.bindings.h Line: 39)

UIMenuController proceeding with switching the menu to index 1 
(Filename: C:\buildslave\unity\build\Runtime/Export/Debug/Debug.bindings.h Line: 39)

[CameraAnchorBedSleepingAnimation] something is null, disabling self 
(Filename: C:\buildslave\unity\build\Runtime/Export/Debug/Debug.bindings.h Line: 39)

[CameraAnchorBedSleepingAnimation] found closest bed: Sofa_interactable 
(Filename: C:\buildslave\unity\build\Runtime/Export/Debug/Debug.bindings.h Line: 39)

Autosaving 
(Filename: C:\buildslave\unity\build\Runtime/Export/Debug/Debug.bindings.h Line: 39)

Removed 1 null entries from storage [Storage World] 
(Filename: C:\buildslave\unity\build\Runtime/Export/Debug/Debug.bindings.h Line: 39)

Switched to screen Лицензии 
(Filename: C:\buildslave\unity\build\Runtime/Export/Debug/Debug.bindings.h Line: 39)

Switched to screen Задолженности 
(Filename: C:\buildslave\unity\build\Runtime/Export/Debug/Debug.bindings.h Line: 39)

Switched to screen Лицензии 
(Filename: C:\buildslave\unity\build\Runtime/Export/Debug/Debug.bindings.h Line: 39)

Job GF-SU-11 is assigned to player 
(Filename: C:\buildslave\unity\build\Runtime/Export/Debug/Debug.bindings.h Line: 39)

Player entering car 'CarFlatcar(Clone) (TrainCar)' 
(Filename: C:\buildslave\unity\build\Runtime/Export/Debug/Debug.bindings.h Line: 39)

Autosaving 
(Filename: C:\buildslave\unity\build\Runtime/Export/Debug/Debug.bindings.h Line: 39)

Player exiting car 'CarFlatcar(Clone)' 
(Filename: C:\buildslave\unity\build\Runtime/Export/Debug/Debug.bindings.h Line: 39)

Player entering car 'LocoDE2(Clone) (TrainCar)' 
(Filename: C:\buildslave\unity\build\Runtime/Export/Debug/Debug.bindings.h Line: 39)

Setting 'LocoDE2(Clone) (TrainCar)' as Player's last loco. 
(Filename: C:\buildslave\unity\build\Runtime/Export/Debug/Debug.bindings.h Line: 39)

[QuickTutorialInitiator] Already passed quick tutorial for LocoDE2 
(Filename: C:\buildslave\unity\build\Runtime/Export/Debug/Debug.bindings.h Line: 39)

Breaking hose connection due to separation 
(Filename: C:\buildslave\unity\build\Runtime/Export/Debug/Debug.bindings.h Line: 39)

Creating DV.DateTimeWrapper singleton instance '[DateTimeWrapper]' automatically 
(Filename: C:\buildslave\unity\build\Runtime/Export/Debug/Debug.bindings.h Line: 39)

Player exiting car 'LocoDE2(Clone)' 
(Filename: C:\buildslave\unity\build\Runtime/Export/Debug/Debug.bindings.h Line: 39)

Player entering car 'LocoDE2(Clone) (TrainCar)' 
(Filename: C:\buildslave\unity\build\Runtime/Export/Debug/Debug.bindings.h Line: 39)

Setting 'LocoDE2(Clone) (TrainCar)' as Player's last loco. 
(Filename: C:\buildslave\unity\build\Runtime/Export/Debug/Debug.bindings.h Line: 39)

[QuickTutorialInitiator] Already passed quick tutorial for LocoDE2 
(Filename: C:\buildslave\unity\build\Runtime/Export/Debug/Debug.bindings.h Line: 39)

Player exiting car 'LocoDE2(Clone)' 
(Filename: C:\buildslave\unity\build\Runtime/Export/Debug/Debug.bindings.h Line: 39)

Player entering car 'LocoDE2(Clone) (TrainCar)' 
(Filename: C:\buildslave\unity\build\Runtime/Export/Debug/Debug.bindings.h Line: 39)

Setting 'LocoDE2(Clone) (TrainCar)' as Player's last loco. 
(Filename: C:\buildslave\unity\build\Runtime/Export/Debug/Debug.bindings.h Line: 39)

[QuickTutorialInitiator] Already passed quick tutorial for LocoDE2 
(Filename: C:\buildslave\unity\build\Runtime/Export/Debug/Debug.bindings.h Line: 39)

Player exiting car 'LocoDE2(Clone)' 
(Filename: C:\buildslave\unity\build\Runtime/Export/Debug/Debug.bindings.h Line: 39)

Player entering car 'CarFlatcar(Clone) (TrainCar)' 
(Filename: C:\buildslave\unity\build\Runtime/Export/Debug/Debug.bindings.h Line: 39)

Autosaving 
(Filename: C:\buildslave\unity\build\Runtime/Export/Debug/Debug.bindings.h Line: 39)

Player exiting car 'CarFlatcar(Clone)' 
(Filename: C:\buildslave\unity\build\Runtime/Export/Debug/Debug.bindings.h Line: 39)

Player entering car 'LocoDE2(Clone) (TrainCar)' 
(Filename: C:\buildslave\unity\build\Runtime/Export/Debug/Debug.bindings.h Line: 39)

Setting 'LocoDE2(Clone) (TrainCar)' as Player's last loco. 
(Filename: C:\buildslave\unity\build\Runtime/Export/Debug/Debug.bindings.h Line: 39)

[QuickTutorialInitiator] Already passed quick tutorial for LocoDE2 
(Filename: C:\buildslave\unity\build\Runtime/Export/Debug/Debug.bindings.h Line: 39)

Autosaving 
(Filename: C:\buildslave\unity\build\Runtime/Export/Debug/Debug.bindings.h Line: 39)

Player exiting car 'LocoDE2(Clone)' 
(Filename: C:\buildslave\unity\build\Runtime/Export/Debug/Debug.bindings.h Line: 39)

Unloaded: 1 SteelBillets from Car[CFF484] 
(Filename: C:\buildslave\unity\build\Runtime/Export/Debug/Debug.bindings.h Line: 39)

Unloaded: 1 SteelBillets from Car[CFF450] 
(Filename: C:\buildslave\unity\build\Runtime/Export/Debug/Debug.bindings.h Line: 39)

Unloaded: 1 SteelBillets from Car[CFF703] 
(Filename: C:\buildslave\unity\build\Runtime/Export/Debug/Debug.bindings.h Line: 39)

Unloaded: 1 SteelBillets from Car[CFF556] 
(Filename: C:\buildslave\unity\build\Runtime/Export/Debug/Debug.bindings.h Line: 39)

Unloaded: 1 SteelBillets from Car[CFF787] 
(Filename: C:\buildslave\unity\build\Runtime/Export/Debug/Debug.bindings.h Line: 39)

Player entering car 'CarFlatcar(Clone) (TrainCar)' 
(Filename: C:\buildslave\unity\build\Runtime/Export/Debug/Debug.bindings.h Line: 39)

Player exiting car 'CarFlatcar(Clone)' 
(Filename: C:\buildslave\unity\build\Runtime/Export/Debug/Debug.bindings.h Line: 39)

Player entering car 'CarFlatcar(Clone) (TrainCar)' 
(Filename: C:\buildslave\unity\build\Runtime/Export/Debug/Debug.bindings.h Line: 39)

Player exiting car 'CarFlatcar(Clone)' 
(Filename: C:\buildslave\unity\build\Runtime/Export/Debug/Debug.bindings.h Line: 39)

Player entering car 'CarFlatcar(Clone) (TrainCar)' 
(Filename: C:\buildslave\unity\build\Runtime/Export/Debug/Debug.bindings.h Line: 39)

Player exiting car 'CarFlatcar(Clone)' 
(Filename: C:\buildslave\unity\build\Runtime/Export/Debug/Debug.bindings.h Line: 39)

Player entering car 'CarFlatcar(Clone) (TrainCar)' 
(Filename: C:\buildslave\unity\build\Runtime/Export/Debug/Debug.bindings.h Line: 39)

Player exiting car 'CarFlatcar(Clone)' 
(Filename: C:\buildslave\unity\build\Runtime/Export/Debug/Debug.bindings.h Line: 39)

Player entering car 'LocoDE2(Clone) (TrainCar)' 
(Filename: C:\buildslave\unity\build\Runtime/Export/Debug/Debug.bindings.h Line: 39)

Setting 'LocoDE2(Clone) (TrainCar)' as Player's last loco. 
(Filename: C:\buildslave\unity\build\Runtime/Export/Debug/Debug.bindings.h Line: 39)

[QuickTutorialInitiator] Already passed quick tutorial for LocoDE2 
(Filename: C:\buildslave\unity\build\Runtime/Export/Debug/Debug.bindings.h Line: 39)

Autosaving 
(Filename: C:\buildslave\unity\build\Runtime/Export/Debug/Debug.bindings.h Line: 39)

Player exiting car 'LocoDE2(Clone)' 
(Filename: C:\buildslave\unity\build\Runtime/Export/Debug/Debug.bindings.h Line: 39)

Player entering car 'LocoDE2(Clone) (TrainCar)' 
(Filename: C:\buildslave\unity\build\Runtime/Export/Debug/Debug.bindings.h Line: 39)

Setting 'LocoDE2(Clone) (TrainCar)' as Player's last loco. 
(Filename: C:\buildslave\unity\build\Runtime/Export/Debug/Debug.bindings.h Line: 39)

[QuickTutorialInitiator] Already passed quick tutorial for LocoDE2 
(Filename: C:\buildslave\unity\build\Runtime/Export/Debug/Debug.bindings.h Line: 39)

Player exiting car 'LocoDE2(Clone)' 
(Filename: C:\buildslave\unity\build\Runtime/Export/Debug/Debug.bindings.h Line: 39)

Player entering car 'CarFlatcar(Clone) (TrainCar)' 
(Filename: C:\buildslave\unity\build\Runtime/Export/Debug/Debug.bindings.h Line: 39)

Player exiting car 'CarFlatcar(Clone)' 
(Filename: C:\buildslave\unity\build\Runtime/Export/Debug/Debug.bindings.h Line: 39)

Player entering car 'CarFlatcar(Clone) (TrainCar)' 
(Filename: C:\buildslave\unity\build\Runtime/Export/Debug/Debug.bindings.h Line: 39)

Player exiting car 'CarFlatcar(Clone)' 
(Filename: C:\buildslave\unity\build\Runtime/Export/Debug/Debug.bindings.h Line: 39)

Player entering car 'CarFlatcar(Clone) (TrainCar)' 
(Filename: C:\buildslave\unity\build\Runtime/Export/Debug/Debug.bindings.h Line: 39)

Player exiting car 'CarFlatcar(Clone)' 
(Filename: C:\buildslave\unity\build\Runtime/Export/Debug/Debug.bindings.h Line: 39)

Player entering car 'CarFlatcar(Clone) (TrainCar)' 
(Filename: C:\buildslave\unity\build\Runtime/Export/Debug/Debug.bindings.h Line: 39)

Player exiting car 'CarFlatcar(Clone)' 
(Filename: C:\buildslave\unity\build\Runtime/Export/Debug/Debug.bindings.h Line: 39)

Player entering car 'CarFlatcar(Clone) (TrainCar)' 
(Filename: C:\buildslave\unity\build\Runtime/Export/Debug/Debug.bindings.h Line: 39)

Player exiting car 'CarFlatcar(Clone)' 
(Filename: C:\buildslave\unity\build\Runtime/Export/Debug/Debug.bindings.h Line: 39)

Player entering car 'CarFlatcar(Clone) (TrainCar)' 
(Filename: C:\buildslave\unity\build\Runtime/Export/Debug/Debug.bindings.h Line: 39)

Player exiting car 'CarFlatcar(Clone)' 
(Filename: C:\buildslave\unity\build\Runtime/Export/Debug/Debug.bindings.h Line: 39)

Player entering car 'LocoDE2(Clone) (TrainCar)' 
(Filename: C:\buildslave\unity\build\Runtime/Export/Debug/Debug.bindings.h Line: 39)

Setting 'LocoDE2(Clone) (TrainCar)' as Player's last loco. 
(Filename: C:\buildslave\unity\build\Runtime/Export/Debug/Debug.bindings.h Line: 39)

[QuickTutorialInitiator] Already passed quick tutorial for LocoDE2 
(Filename: C:\buildslave\unity\build\Runtime/Export/Debug/Debug.bindings.h Line: 39)

Player exiting car 'LocoDE2(Clone)' 
(Filename: C:\buildslave\unity\build\Runtime/Export/Debug/Debug.bindings.h Line: 39)

Player entering car 'CarFlatcar(Clone) (TrainCar)' 
(Filename: C:\buildslave\unity\build\Runtime/Export/Debug/Debug.bindings.h Line: 39)

Player exiting car 'CarFlatcar(Clone)' 
(Filename: C:\buildslave\unity\build\Runtime/Export/Debug/Debug.bindings.h Line: 39)

Player entering car 'CarFlatcar(Clone) (TrainCar)' 
(Filename: C:\buildslave\unity\build\Runtime/Export/Debug/Debug.bindings.h Line: 39)

Player exiting car 'CarFlatcar(Clone)' 
(Filename: C:\buildslave\unity\build\Runtime/Export/Debug/Debug.bindings.h Line: 39)

Player entering car 'CarFlatcar(Clone) (TrainCar)' 
(Filename: C:\buildslave\unity\build\Runtime/Export/Debug/Debug.bindings.h Line: 39)

Player exiting car 'CarFlatcar(Clone)' 
(Filename: C:\buildslave\unity\build\Runtime/Export/Debug/Debug.bindings.h Line: 39)

Player entering car 'CarFlatcar(Clone) (TrainCar)' 
(Filename: C:\buildslave\unity\build\Runtime/Export/Debug/Debug.bindings.h Line: 39)

Player exiting car 'CarFlatcar(Clone)' 
(Filename: C:\buildslave\unity\build\Runtime/Export/Debug/Debug.bindings.h Line: 39)

Player entering car 'CarFlatcar(Clone) (TrainCar)' 
(Filename: C:\buildslave\unity\build\Runtime/Export/Debug/Debug.bindings.h Line: 39)

Player exiting car 'CarFlatcar(Clone)' 
(Filename: C:\buildslave\unity\build\Runtime/Export/Debug/Debug.bindings.h Line: 39)

Player entering car 'LocoDE2(Clone) (TrainCar)' 
(Filename: C:\buildslave\unity\build\Runtime/Export/Debug/Debug.bindings.h Line: 39)

Setting 'LocoDE2(Clone) (TrainCar)' as Player's last loco. 
(Filename: C:\buildslave\unity\build\Runtime/Export/Debug/Debug.bindings.h Line: 39)

Player exiting car 'LocoDE2(Clone)' 
(Filename: C:\buildslave\unity\build\Runtime/Export/Debug/Debug.bindings.h Line: 39)

Player entering car 'LocoDE2(Clone) (TrainCar)' 
(Filename: C:\buildslave\unity\build\Runtime/Export/Debug/Debug.bindings.h Line: 39)

Setting 'LocoDE2(Clone) (TrainCar)' as Player's last loco. 
(Filename: C:\buildslave\unity\build\Runtime/Export/Debug/Debug.bindings.h Line: 39)

[QuickTutorialInitiator] Already passed quick tutorial for LocoDE2 
(Filename: C:\buildslave\unity\build\Runtime/Export/Debug/Debug.bindings.h Line: 39)

Autosaving 
(Filename: C:\buildslave\unity\build\Runtime/Export/Debug/Debug.bindings.h Line: 39)

Player exiting car 'LocoDE2(Clone)' 
(Filename: C:\buildslave\unity\build\Runtime/Export/Debug/Debug.bindings.h Line: 39)

Player entering car 'CarFlatcar(Clone) (TrainCar)' 
(Filename: C:\buildslave\unity\build\Runtime/Export/Debug/Debug.bindings.h Line: 39)

Player exiting car 'CarFlatcar(Clone)' 
(Filename: C:\buildslave\unity\build\Runtime/Export/Debug/Debug.bindings.h Line: 39)

Player entering car 'CarFlatcar(Clone) (TrainCar)' 
(Filename: C:\buildslave\unity\build\Runtime/Export/Debug/Debug.bindings.h Line: 39)

Player exiting car 'CarFlatcar(Clone)' 
(Filename: C:\buildslave\unity\build\Runtime/Export/Debug/Debug.bindings.h Line: 39)

Player entering car 'CarFlatcar(Clone) (TrainCar)' 
(Filename: C:\buildslave\unity\build\Runtime/Export/Debug/Debug.bindings.h Line: 39)

Player exiting car 'CarFlatcar(Clone)' 
(Filename: C:\buildslave\unity\build\Runtime/Export/Debug/Debug.bindings.h Line: 39)

Player entering car 'LocoDE2(Clone) (TrainCar)' 
(Filename: C:\buildslave\unity\build\Runtime/Export/Debug/Debug.bindings.h Line: 39)

Setting 'LocoDE2(Clone) (TrainCar)' as Player's last loco. 
(Filename: C:\buildslave\unity\build\Runtime/Export/Debug/Debug.bindings.h Line: 39)

[QuickTutorialInitiator] Already passed quick tutorial for LocoDE2 
(Filename: C:\buildslave\unity\build\Runtime/Export/Debug/Debug.bindings.h Line: 39)

Player exiting car 'LocoDE2(Clone)' 
(Filename: C:\buildslave\unity\build\Runtime/Export/Debug/Debug.bindings.h Line: 39)

Player entering car 'CarFlatcar(Clone) (TrainCar)' 
(Filename: C:\buildslave\unity\build\Runtime/Export/Debug/Debug.bindings.h Line: 39)

Player exiting car 'CarFlatcar(Clone)' 
(Filename: C:\buildslave\unity\build\Runtime/Export/Debug/Debug.bindings.h Line: 39)

Player entering car 'CarFlatcar(Clone) (TrainCar)' 
(Filename: C:\buildslave\unity\build\Runtime/Export/Debug/Debug.bindings.h Line: 39)

Player exiting car 'CarFlatcar(Clone)' 
(Filename: C:\buildslave\unity\build\Runtime/Export/Debug/Debug.bindings.h Line: 39)

Autosaving 
(Filename: C:\buildslave\unity\build\Runtime/Export/Debug/Debug.bindings.h Line: 39)

Player entering car 'LocoDE2(Clone) (TrainCar)' 
(Filename: C:\buildslave\unity\build\Runtime/Export/Debug/Debug.bindings.h Line: 39)

Setting 'LocoDE2(Clone) (TrainCar)' as Player's last loco. 
(Filename: C:\buildslave\unity\build\Runtime/Export/Debug/Debug.bindings.h Line: 39)

[QuickTutorialInitiator] Already passed quick tutorial for LocoDE2 
(Filename: C:\buildslave\unity\build\Runtime/Export/Debug/Debug.bindings.h Line: 39)

Autosaving 
(Filename: C:\buildslave\unity\build\Runtime/Export/Debug/Debug.bindings.h Line: 39)

[MemoryMonitoring] OS increased system memory from 19052612 to 20120520 KB 
(Filename: C:\buildslave\unity\build\Runtime/Export/Debug/Debug.bindings.h Line: 39)

Player exiting car 'LocoDE2(Clone)' 
(Filename: C:\buildslave\unity\build\Runtime/Export/Debug/Debug.bindings.h Line: 39)

Player entering car 'CarFlatcar(Clone) (TrainCar)' 
(Filename: C:\buildslave\unity\build\Runtime/Export/Debug/Debug.bindings.h Line: 39)

Autosaving 
(Filename: C:\buildslave\unity\build\Runtime/Export/Debug/Debug.bindings.h Line: 39)

Player exiting car 'CarFlatcar(Clone)' 
(Filename: C:\buildslave\unity\build\Runtime/Export/Debug/Debug.bindings.h Line: 39)

Player entering car 'LocoDE2(Clone) (TrainCar)' 
(Filename: C:\buildslave\unity\build\Runtime/Export/Debug/Debug.bindings.h Line: 39)

Setting 'LocoDE2(Clone) (TrainCar)' as Player's last loco. 
(Filename: C:\buildslave\unity\build\Runtime/Export/Debug/Debug.bindings.h Line: 39)

[QuickTutorialInitiator] Already passed quick tutorial for LocoDE2 
(Filename: C:\buildslave\unity\build\Runtime/Export/Debug/Debug.bindings.h Line: 39)

Player exiting car 'LocoDE2(Clone)' 
(Filename: C:\buildslave\unity\build\Runtime/Export/Debug/Debug.bindings.h Line: 39)

Player entering car 'CarFlatcar(Clone) (TrainCar)' 
(Filename: C:\buildslave\unity\build\Runtime/Export/Debug/Debug.bindings.h Line: 39)

Player exiting car 'CarFlatcar(Clone)' 
(Filename: C:\buildslave\unity\build\Runtime/Export/Debug/Debug.bindings.h Line: 39)

Player entering car 'CarFlatcar(Clone) (TrainCar)' 
(Filename: C:\buildslave\unity\build\Runtime/Export/Debug/Debug.bindings.h Line: 39)

Player exiting car 'CarFlatcar(Clone)' 
(Filename: C:\buildslave\unity\build\Runtime/Export/Debug/Debug.bindings.h Line: 39)

Player entering car 'LocoDE2(Clone) (TrainCar)' 
(Filename: C:\buildslave\unity\build\Runtime/Export/Debug/Debug.bindings.h Line: 39)

Setting 'LocoDE2(Clone) (TrainCar)' as Player's last loco. 
(Filename: C:\buildslave\unity\build\Runtime/Export/Debug/Debug.bindings.h Line: 39)

[QuickTutorialInitiator] Already passed quick tutorial for LocoDE2 
(Filename: C:\buildslave\unity\build\Runtime/Export/Debug/Debug.bindings.h Line: 39)

Player exiting car 'LocoDE2(Clone)' 
(Filename: C:\buildslave\unity\build\Runtime/Export/Debug/Debug.bindings.h Line: 39)

Autosaving 
(Filename: C:\buildslave\unity\build\Runtime/Export/Debug/Debug.bindings.h Line: 39)

Player entering car 'CarFlatcar(Clone) (TrainCar)' 
(Filename: C:\buildslave\unity\build\Runtime/Export/Debug/Debug.bindings.h Line: 39)

Player exiting car 'CarFlatcar(Clone)' 
(Filename: C:\buildslave\unity\build\Runtime/Export/Debug/Debug.bindings.h Line: 39)

Player entering car 'CarFlatcar(Clone) (TrainCar)' 
(Filename: C:\buildslave\unity\build\Runtime/Export/Debug/Debug.bindings.h Line: 39)

Player exiting car 'CarFlatcar(Clone)' 
(Filename: C:\buildslave\unity\build\Runtime/Export/Debug/Debug.bindings.h Line: 39)

Player entering car 'CarFlatcar(Clone) (TrainCar)' 
(Filename: C:\buildslave\unity\build\Runtime/Export/Debug/Debug.bindings.h Line: 39)

Player exiting car 'CarFlatcar(Clone)' 
(Filename: C:\buildslave\unity\build\Runtime/Export/Debug/Debug.bindings.h Line: 39)

Player entering car 'CarTankBlue(Clone) (TrainCar)' 
(Filename: C:\buildslave\unity\build\Runtime/Export/Debug/Debug.bindings.h Line: 39)

Player exiting car 'CarTankBlue(Clone)' 
(Filename: C:\buildslave\unity\build\Runtime/Export/Debug/Debug.bindings.h Line: 39)

Generated job chain [ChainJob[EmptyHaul]: GF - CSW]:  
(Filename: C:\buildslave\unity\build\Runtime/Export/Debug/Debug.bindings.h Line: 39)

Generated job chain [ChainJob[EmptyHaul]: GF - MF]:  
(Filename: C:\buildslave\unity\build\Runtime/Export/Debug/Debug.bindings.h Line: 39)

Switched to screen Задолженности 
(Filename: C:\buildslave\unity\build\Runtime/Export/Debug/Debug.bindings.h Line: 39)

Autosaving 
(Filename: C:\buildslave\unity\build\Runtime/Export/Debug/Debug.bindings.h Line: 39)

Removed 1 null entries from storage [Storage World] 
(Filename: C:\buildslave\unity\build\Runtime/Export/Debug/Debug.bindings.h Line: 39)

Switched to screen Лицензии 
(Filename: C:\buildslave\unity\build\Runtime/Export/Debug/Debug.bindings.h Line: 39)

Autosaving 
(Filename: C:\buildslave\unity\build\Runtime/Export/Debug/Debug.bindings.h Line: 39)

Job GF-FH-80 is assigned to player 
(Filename: C:\buildslave\unity\build\Runtime/Export/Debug/Debug.bindings.h Line: 39)

Player entering car 'LocoDE2(Clone) (TrainCar)' 
(Filename: C:\buildslave\unity\build\Runtime/Export/Debug/Debug.bindings.h Line: 39)

Setting 'LocoDE2(Clone) (TrainCar)' as Player's last loco. 
(Filename: C:\buildslave\unity\build\Runtime/Export/Debug/Debug.bindings.h Line: 39)

[QuickTutorialInitiator] Already passed quick tutorial for LocoDE2 
(Filename: C:\buildslave\unity\build\Runtime/Export/Debug/Debug.bindings.h Line: 39)

Autosaving 
(Filename: C:\buildslave\unity\build\Runtime/Export/Debug/Debug.bindings.h Line: 39)

Autosaving 
(Filename: C:\buildslave\unity\build\Runtime/Export/Debug/Debug.bindings.h Line: 39)

Player exiting car 'LocoDE2(Clone)' 
(Filename: C:\buildslave\unity\build\Runtime/Export/Debug/Debug.bindings.h Line: 39)

Player entering car 'CarBoxcar_Red(Clone) (TrainCar)' 
(Filename: C:\buildslave\unity\build\Runtime/Export/Debug/Debug.bindings.h Line: 39)

Player exiting car 'CarBoxcar_Red(Clone)' 
(Filename: C:\buildslave\unity\build\Runtime/Export/Debug/Debug.bindings.h Line: 39)

Player entering car 'CarBoxcar_Red(Clone) (TrainCar)' 
(Filename: C:\buildslave\unity\build\Runtime/Export/Debug/Debug.bindings.h Line: 39)

Player exiting car 'CarBoxcar_Red(Clone)' 
(Filename: C:\buildslave\unity\build\Runtime/Export/Debug/Debug.bindings.h Line: 39)

Player entering car 'LocoDE2(Clone) (TrainCar)' 
(Filename: C:\buildslave\unity\build\Runtime/Export/Debug/Debug.bindings.h Line: 39)

Setting 'LocoDE2(Clone) (TrainCar)' as Player's last loco. 
(Filename: C:\buildslave\unity\build\Runtime/Export/Debug/Debug.bindings.h Line: 39)

[QuickTutorialInitiator] Already passed quick tutorial for LocoDE2 
(Filename: C:\buildslave\unity\build\Runtime/Export/Debug/Debug.bindings.h Line: 39)

Autosaving 
(Filename: C:\buildslave\unity\build\Runtime/Export/Debug/Debug.bindings.h Line: 39)

Autosaving 
(Filename: C:\buildslave\unity\build\Runtime/Export/Debug/Debug.bindings.h Line: 39)

TunnelCollisionIgnore encountered a null rigidbody during TransferTo 
(Filename: C:\buildslave\unity\build\Runtime/Export/Debug/Debug.bindings.h Line: 39)

TunnelCollisionIgnore encountered a null rigidbody during TransferTo 
(Filename: C:\buildslave\unity\build\Runtime/Export/Debug/Debug.bindings.h Line: 39)

TunnelCollisionIgnore encountered a null rigidbody during TransferTo 
(Filename: C:\buildslave\unity\build\Runtime/Export/Debug/Debug.bindings.h Line: 39)

TunnelCollisionIgnore encountered a null rigidbody during TransferTo 
(Filename: C:\buildslave\unity\build\Runtime/Export/Debug/Debug.bindings.h Line: 39)

TunnelCollisionIgnore encountered a null rigidbody during TransferTo 
(Filename: C:\buildslave\unity\build\Runtime/Export/Debug/Debug.bindings.h Line: 39)

TunnelCollisionIgnore encountered a null rigidbody during TransferTo 
(Filename: C:\buildslave\unity\build\Runtime/Export/Debug/Debug.bindings.h Line: 39)

TunnelCollisionIgnore encountered a null rigidbody during TransferTo 
(Filename: C:\buildslave\unity\build\Runtime/Export/Debug/Debug.bindings.h Line: 39)

Cleaning up null rigidbody 
(Filename: C:\buildslave\unity\build\Runtime/Export/Debug/Debug.bindings.h Line: 39)

Cleaning up null rigidbody 
(Filename: C:\buildslave\unity\build\Runtime/Export/Debug/Debug.bindings.h Line: 39)

Cleaning up null rigidbody 
(Filename: C:\buildslave\unity\build\Runtime/Export/Debug/Debug.bindings.h Line: 39)

Cleaning up null rigidbody 
(Filename: C:\buildslave\unity\build\Runtime/Export/Debug/Debug.bindings.h Line: 39)

Cleaning up null rigidbody 
(Filename: C:\buildslave\unity\build\Runtime/Export/Debug/Debug.bindings.h Line: 39)

Cleaning up null rigidbody 
(Filename: C:\buildslave\unity\build\Runtime/Export/Debug/Debug.bindings.h Line: 39)

Cleaning up null rigidbody 
(Filename: C:\buildslave\unity\build\Runtime/Export/Debug/Debug.bindings.h Line: 39)

DERAILED! Due to stress build up: 0.6007352 at speed: 67.10551 
(Filename: C:\buildslave\unity\build\Runtime/Export/Debug/Debug.bindings.h Line: 39)

DERAILED! Via TrainCar, due to derailAllBogiesAtOnce | TYPE: LocoDE2 | ID: L-077 | JOB_ID: / 
(Filename: C:\buildslave\unity\build\Runtime/Export/Debug/Debug.bindings.h Line: 39)

DERAILED! Via TrainCar, due to derailAllBogiesAtOnce | TYPE: LocoDE2 | ID: L-077 | JOB_ID: / 
(Filename: C:\buildslave\unity\build\Runtime/Export/Debug/Debug.bindings.h Line: 39)

Creating DV.Utils.FixedUpdateTick singleton instance '[FixedUpdateTick]' automatically 
(Filename: C:\buildslave\unity\build\Runtime/Export/Debug/Debug.bindings.h Line: 39)

DERAILED! Due to stress build up: 0.606662 at speed: 66.93797 
(Filename: C:\buildslave\unity\build\Runtime/Export/Debug/Debug.bindings.h Line: 39)

DERAILED! Via TrainCar, due to derailAllBogiesAtOnce | TYPE: BoxcarRed | ID: CBX401 | JOB_ID: GF-FH-80 
(Filename: C:\buildslave\unity\build\Runtime/Export/Debug/Debug.bindings.h Line: 39)

DERAILED! Via TrainCar, due to derailAllBogiesAtOnce | TYPE: BoxcarRed | ID: CBX401 | JOB_ID: GF-FH-80 
(Filename: C:\buildslave\unity\build\Runtime/Export/Debug/Debug.bindings.h Line: 39)

DERAILED! Due to stress build up: 0.6301985 at speed: 64.59819 
(Filename: C:\buildslave\unity\build\Runtime/Export/Debug/Debug.bindings.h Line: 39)

DERAILED! Via TrainCar, due to derailAllBogiesAtOnce | TYPE: BoxcarBrown | ID: CBX696 | JOB_ID: GF-FH-80 
(Filename: C:\buildslave\unity\build\Runtime/Export/Debug/Debug.bindings.h Line: 39)

DERAILED! Via TrainCar, due to derailAllBogiesAtOnce | TYPE: BoxcarBrown | ID: CBX696 | JOB_ID: GF-FH-80 
(Filename: C:\buildslave\unity\build\Runtime/Export/Debug/Debug.bindings.h Line: 39)

DERAILED! Due to stress build up: 0.6197967 at speed: 64.69092 
(Filename: C:\buildslave\unity\build\Runtime/Export/Debug/Debug.bindings.h Line: 39)

DERAILED! Via TrainCar, due to derailAllBogiesAtOnce | TYPE: FlatbedEmpty | ID: CFF055 | JOB_ID: GF-FH-80 
(Filename: C:\buildslave\unity\build\Runtime/Export/Debug/Debug.bindings.h Line: 39)

DERAILED! Via TrainCar, due to derailAllBogiesAtOnce | TYPE: FlatbedEmpty | ID: CFF055 | JOB_ID: GF-FH-80 
(Filename: C:\buildslave\unity\build\Runtime/Export/Debug/Debug.bindings.h Line: 39)

DERAILED! Due to stress build up: 0.6136296 at speed: 63.90943 
(Filename: C:\buildslave\unity\build\Runtime/Export/Debug/Debug.bindings.h Line: 39)

DERAILED! Via TrainCar, due to derailAllBogiesAtOnce | TYPE: FlatbedEmpty | ID: CFF134 | JOB_ID: GF-FH-80 
(Filename: C:\buildslave\unity\build\Runtime/Export/Debug/Debug.bindings.h Line: 39)

DERAILED! Via TrainCar, due to derailAllBogiesAtOnce | TYPE: FlatbedEmpty | ID: CFF134 | JOB_ID: GF-FH-80 
(Filename: C:\buildslave\unity\build\Runtime/Export/Debug/Debug.bindings.h Line: 39)

Couldn't apply localization '', passed component is null 
(Filename: C:\buildslave\unity\build\Runtime/Export/Debug/Debug.bindings.h Line: 39)

Couldn't apply localization '', passed component is null 
(Filename: C:\buildslave\unity\build\Runtime/Export/Debug/Debug.bindings.h Line: 39)

Couldn't apply localization '', passed component is null 
(Filename: C:\buildslave\unity\build\Runtime/Export/Debug/Debug.bindings.h Line: 39)

Couldn't apply localization '', passed component is null 
(Filename: C:\buildslave\unity\build\Runtime/Export/Debug/Debug.bindings.h Line: 39)

Couldn't apply localization '', passed component is null 
(Filename: C:\buildslave\unity\build\Runtime/Export/Debug/Debug.bindings.h Line: 39)

Couldn't apply localization '', passed component is null 
(Filename: C:\buildslave\unity\build\Runtime/Export/Debug/Debug.bindings.h Line: 39)

Player exiting car 'LocoDE2(Clone)' 
(Filename: C:\buildslave\unity\build\Runtime/Export/Debug/Debug.bindings.h Line: 39)

Player entering car 'LocoDE2(Clone) (TrainCar)' 
(Filename: C:\buildslave\unity\build\Runtime/Export/Debug/Debug.bindings.h Line: 39)

Setting 'LocoDE2(Clone) (TrainCar)' as Player's last loco. 
(Filename: C:\buildslave\unity\build\Runtime/Export/Debug/Debug.bindings.h Line: 39)

[QuickTutorialInitiator] Already passed quick tutorial for LocoDE2 
(Filename: C:\buildslave\unity\build\Runtime/Export/Debug/Debug.bindings.h Line: 39)

Player exiting car 'LocoDE2(Clone)' 
(Filename: C:\buildslave\unity\build\Runtime/Export/Debug/Debug.bindings.h Line: 39)

Autosaving 
(Filename: C:\buildslave\unity\build\Runtime/Export/Debug/Debug.bindings.h Line: 39)

UIMenuController proceeding with switching the menu to index 0 
(Filename: C:\buildslave\unity\build\Runtime/Export/Debug/Debug.bindings.h Line: 39)

UIMenuController proceeding with switching the menu to index 0 
(Filename: C:\buildslave\unity\build\Runtime/Export/Debug/Debug.bindings.h Line: 39)

UIMenuController proceeding with switching the menu to index 1 
(Filename: C:\buildslave\unity\build\Runtime/Export/Debug/Debug.bindings.h Line: 39)

Couldn't apply localization '', passed component is null 
(Filename: C:\buildslave\unity\build\Runtime/Export/Debug/Debug.bindings.h Line: 39)

Couldn't apply localization '', passed component is null 
(Filename: C:\buildslave\unity\build\Runtime/Export/Debug/Debug.bindings.h Line: 39)

Unloading 23 Unused Serialized files (Serialized files now loaded: 0)
Uploading Crash Report
UnityException: Trying to destroy invalid instance of 'Bolt.SceneVariables' singleton in scene 'game_w3'.
  at Ludiq.SceneSingleton`1[T].OnDestroy (T instance) [0x00100] in <afc846f684364b38be7b9624a972dc39>:0 
  at Bolt.SceneVariables.OnDestroy () [0x00000] in <efb81956579344b9ab72ac0fca6778a3>:0 
 
(Filename: <afc846f684364b38be7b9624a972dc39> Line: 0)

UnloadTime: 1296.055200 ms
[SceneSwitcher] switching to queued scene with index 4 
(Filename: C:\buildslave\unity\build\Runtime/Export/Debug/Debug.bindings.h Line: 39)


Unloading 21215 unused Assets to reduce memory usage. Loaded Objects now: 127964.
Total: 242.816400 ms (FindLiveObjects: 11.118400 ms CreateObjectMapping: 14.391000 ms MarkObjects: 146.171600 ms  DeleteObjects: 71.134900 ms)

Unloading 6 Unused Serialized files (Serialized files now loaded: 0)
UnloadTime: 1.047100 ms
[UserManagerInstantiator] doing nothing, UserManager already exists 
(Filename: C:\buildslave\unity\build\Runtime/Export/Debug/Debug.bindings.h Line: 39)

Wrote key bindings configuration: C:\Users\Dmytro\AppData\LocalLow\Altfuture\Derail Valley\Preferences\000_Player.ini 
(Filename: C:\buildslave\unity\build\Runtime/Export/Debug/Debug.bindings.h Line: 39)

Wrote game preferences configuration: C:\Users\Dmytro\AppData\LocalLow\Altfuture\Derail Valley\Preferences\000_Player.ini 
(Filename: C:\buildslave\unity\build\Runtime/Export/Debug/Debug.bindings.h Line: 39)

Wrote game preferences configuration: C:\Users\Dmytro\AppData\LocalLow\Altfuture\Derail Valley\Preferences\000_Player.ini 
(Filename: C:\buildslave\unity\build\Runtime/Export/Debug/Debug.bindings.h Line: 39)

Wrote game preferences configuration: C:\Users\Dmytro\AppData\LocalLow\Altfuture\Derail Valley\Preferences\000_Player.ini 
(Filename: C:\buildslave\unity\build\Runtime/Export/Debug/Debug.bindings.h Line: 39)

[MemoryMonitoring] free: 4248492 KB, total: 20120520 KB 
(Filename: C:\buildslave\unity\build\Runtime/Export/Debug/Debug.bindings.h Line: 39)

Creating CoroutineManager singleton instance '[coroutine manager]' automatically 
(Filename: C:\buildslave\unity\build\Runtime/Export/Debug/Debug.bindings.h Line: 39)

[Loading] загрузка начальных игровых данных (step: 1, frame: 194671) 
(Filename: C:\buildslave\unity\build\Runtime/Export/Debug/Debug.bindings.h Line: 39)

Creating DV.UI.LocoHUD.HUDHoverManager singleton instance '[HUDHoverManager]' automatically 
(Filename: C:\buildslave\unity\build\Runtime/Export/Debug/Debug.bindings.h Line: 39)

Creating DV.Telemetry.TelemetryCentral singleton instance '[TelemetryCentral]' automatically 
(Filename: C:\buildslave\unity\build\Runtime/Export/Debug/Debug.bindings.h Line: 39)

Creating DV.Debugging.EffectsTogglerDebug singleton instance '[EffectsTogglerDebug]' automatically 
(Filename: C:\buildslave\unity\build\Runtime/Export/Debug/Debug.bindings.h Line: 39)

Creating DV.AppUtil singleton instance '[AppUtil]' automatically 
(Filename: C:\buildslave\unity\build\Runtime/Export/Debug/Debug.bindings.h Line: 39)


Unloading 1 unused Assets to reduce memory usage. Loaded Objects now: 196252.
Total: 214.056600 ms (FindLiveObjects: 11.401400 ms CreateObjectMapping: 14.942300 ms MarkObjects: 187.474300 ms  DeleteObjects: 0.237900 ms)

Creating LoadingScreenManager singleton instance '[LoadingScreenManager]' automatically 
(Filename: C:\buildslave\unity\build\Runtime/Export/Debug/Debug.bindings.h Line: 39)

Parent of RectTransform is being set with parent property. Consider using the SetParent method instead, with the worldPositionStays argument set to false. This will retain local orientation and scale rather than world orientation and scale, which can prevent common UI scaling issues. 
(Filename: C:\buildslave\unity\build\Runtime/Export/Debug/Debug.bindings.h Line: 39)

Parent of RectTransform is being set with parent property. Consider using the SetParent method instead, with the worldPositionStays argument set to false. This will retain local orientation and scale rather than world orientation and scale, which can prevent common UI scaling issues. 
(Filename: C:\buildslave\unity\build\Runtime/Export/Debug/Debug.bindings.h Line: 39)

Supported resolutions: 
800 x 600
1024 x 768
1152 x 864
1280 x 720
1280 x 768
1280 x 800
1280 x 960
1280 x 1024
1360 x 768
1366 x 768
1440 x 900
1440 x 1080
1600 x 900
1600 x 1024
1680 x 1050
1920 x 1080 
(Filename: C:\buildslave\unity\build\Runtime/Export/Debug/Debug.bindings.h Line: 39)

Parent of RectTransform is being set with parent property. Consider using the SetParent method instead, with the worldPositionStays argument set to false. This will retain local orientation and scale rather than world orientation and scale, which can prevent common UI scaling issues. 
(Filename: C:\buildslave\unity\build\Runtime/Export/Debug/Debug.bindings.h Line: 39)

Parent of RectTransform is being set with parent property. Consider using the SetParent method instead, with the worldPositionStays argument set to false. This will retain local orientation and scale rather than world orientation and scale, which can prevent common UI scaling issues. 
(Filename: C:\buildslave\unity\build\Runtime/Export/Debug/Debug.bindings.h Line: 39)

Parent of RectTransform is being set with parent property. Consider using the SetParent method instead, with the worldPositionStays argument set to false. This will retain local orientation and scale rather than world orientation and scale, which can prevent common UI scaling issues. 
(Filename: C:\buildslave\unity\build\Runtime/Export/Debug/Debug.bindings.h Line: 39)

Parent of RectTransform is being set with parent property. Consider using the SetParent method instead, with the worldPositionStays argument set to false. This will retain local orientation and scale rather than world orientation and scale, which can prevent common UI scaling issues. 
(Filename: C:\buildslave\unity\build\Runtime/Export/Debug/Debug.bindings.h Line: 39)

Parent of RectTransform is being set with parent property. Consider using the SetParent method instead, with the worldPositionStays argument set to false. This will retain local orientation and scale rather than world orientation and scale, which can prevent common UI scaling issues. 
(Filename: C:\buildslave\unity\build\Runtime/Export/Debug/Debug.bindings.h Line: 39)

Parent of RectTransform is being set with parent property. Consider using the SetParent method instead, with the worldPositionStays argument set to false. This will retain local orientation and scale rather than world orientation and scale, which can prevent common UI scaling issues. 
(Filename: C:\buildslave\unity\build\Runtime/Export/Debug/Debug.bindings.h Line: 39)

Parent of RectTransform is being set with parent property. Consider using the SetParent method instead, with the worldPositionStays argument set to false. This will retain local orientation and scale rather than world orientation and scale, which can prevent common UI scaling issues. 
(Filename: C:\buildslave\unity\build\Runtime/Export/Debug/Debug.bindings.h Line: 39)

Parent of RectTransform is being set with parent property. Consider using the SetParent method instead, with the worldPositionStays argument set to false. This will retain local orientation and scale rather than world orientation and scale, which can prevent common UI scaling issues. 
(Filename: C:\buildslave\unity\build\Runtime/Export/Debug/Debug.bindings.h Line: 39)

Parent of RectTransform is being set with parent property. Consider using the SetParent method instead, with the worldPositionStays argument set to false. This will retain local orientation and scale rather than world orientation and scale, which can prevent common UI scaling issues. 
(Filename: C:\buildslave\unity\build\Runtime/Export/Debug/Debug.bindings.h Line: 39)

Parent of RectTransform is being set with parent property. Consider using the SetParent method instead, with the worldPositionStays argument set to false. This will retain local orientation and scale rather than world orientation and scale, which can prevent common UI scaling issues. 
(Filename: C:\buildslave\unity\build\Runtime/Export/Debug/Debug.bindings.h Line: 39)

Parent of RectTransform is being set with parent property. Consider using the SetParent method instead, with the worldPositionStays argument set to false. This will retain local orientation and scale rather than world orientation and scale, which can prevent common UI scaling issues. 
(Filename: C:\buildslave\unity\build\Runtime/Export/Debug/Debug.bindings.h Line: 39)

Parent of RectTransform is being set with parent property. Consider using the SetParent method instead, with the worldPositionStays argument set to false. This will retain local orientation and scale rather than world orientation and scale, which can prevent common UI scaling issues. 
(Filename: C:\buildslave\unity\build\Runtime/Export/Debug/Debug.bindings.h Line: 39)

Parent of RectTransform is being set with parent property. Consider using the SetParent method instead, with the worldPositionStays argument set to false. This will retain local orientation and scale rather than world orientation and scale, which can prevent common UI scaling issues. 
(Filename: C:\buildslave\unity\build\Runtime/Export/Debug/Debug.bindings.h Line: 39)

Parent of RectTransform is being set with parent property. Consider using the SetParent method instead, with the worldPositionStays argument set to false. This will retain local orientation and scale rather than world orientation and scale, which can prevent common UI scaling issues. 
(Filename: C:\buildslave\unity\build\Runtime/Export/Debug/Debug.bindings.h Line: 39)

Parent of RectTransform is being set with parent property. Consider using the SetParent method instead, with the worldPositionStays argument set to false. This will retain local orientation and scale rather than world orientation and scale, which can prevent common UI scaling issues. 
(Filename: C:\buildslave\unity\build\Runtime/Export/Debug/Debug.bindings.h Line: 39)

Parent of RectTransform is being set with parent property. Consider using the SetParent method instead, with the worldPositionStays argument set to false. This will retain local orientation and scale rather than world orientation and scale, which can prevent common UI scaling issues. 
(Filename: C:\buildslave\unity\build\Runtime/Export/Debug/Debug.bindings.h Line: 39)

Creating DV.UI.LocoHUD.HUDUpdateManager singleton instance '[HUDUpdateManager]' automatically 
(Filename: C:\buildslave\unity\build\Runtime/Export/Debug/Debug.bindings.h Line: 39)

Creating DV.Hovering.NonVRHoverManager singleton instance '[NonVRHoverManager]' automatically 
(Filename: C:\buildslave\unity\build\Runtime/Export/Debug/Debug.bindings.h Line: 39)

Creating DV.DopplerEffects.DopplerStopRequests singleton instance '[DopplerStopRequests]' automatically 
(Filename: C:\buildslave\unity\build\Runtime/Export/Debug/Debug.bindings.h Line: 39)

Creating ScreenspaceMouse singleton instance '[ScreenspaceMouse]' automatically 
(Filename: C:\buildslave\unity\build\Runtime/Export/Debug/Debug.bindings.h Line: 39)

Creating DV.PausePhysicsHandler singleton instance '[PausePhysicsHandler]' automatically 
(Filename: C:\buildslave\unity\build\Runtime/Export/Debug/Debug.bindings.h Line: 39)

Creating DV.Logic.Job.IdGenerator singleton instance '[IdGenerator]' automatically 
(Filename: C:\buildslave\unity\build\Runtime/Export/Debug/Debug.bindings.h Line: 39)

Creating DV.VFX.TrainVegetationInteractionManager singleton instance '[TrainVegetationInteractionManager]' automatically 
(Filename: C:\buildslave\unity\build\Runtime/Export/Debug/Debug.bindings.h Line: 39)

Creating DV.Simulation.Brake.HoseSeparationChecker singleton instance '[HoseSeparationChecker]' automatically 
(Filename: C:\buildslave\unity\build\Runtime/Export/Debug/Debug.bindings.h Line: 39)

SaveGameManager found StartGameData_FromSaveGame 
(Filename: C:\buildslave\unity\build\Runtime/Export/Debug/Debug.bindings.h Line: 39)

Overriding saved difficulty parameters via difficultyParamsOverride: Standard 
(Filename: C:\buildslave\unity\build\Runtime/Export/Debug/Debug.bindings.h Line: 39)

[Loading] инициализация растительности (step: 2, frame: 194672) 
(Filename: C:\buildslave\unity\build\Runtime/Export/Debug/Debug.bindings.h Line: 39)

[Loading] инициализация местности (step: 3, frame: 194673) 
(Filename: C:\buildslave\unity\build\Runtime/Export/Debug/Debug.bindings.h Line: 39)

[Loading] загрузка путей (step: 4, frame: 194675) 
(Filename: C:\buildslave\unity\build\Runtime/Export/Debug/Debug.bindings.h Line: 39)

Creating TunnelCollisionIgnore+TunnelCollisionCache singleton instance '[TunnelCollisionCache]' automatically 
(Filename: C:\buildslave\unity\build\Runtime/Export/Debug/Debug.bindings.h Line: 39)

[Loading] загрузка железнодорожных объектов (step: 5, frame: 194677) 
(Filename: C:\buildslave\unity\build\Runtime/Export/Debug/Debug.bindings.h Line: 39)

Creating DV.WorldData singleton instance '[WorldData]' automatically 
(Filename: C:\buildslave\unity\build\Runtime/Export/Debug/Debug.bindings.h Line: 39)

Junctions hashes match 'FC85F2962C92ADC2CEAAB1EB08926870' 
(Filename: C:\buildslave\unity\build\Runtime/Export/Debug/Debug.bindings.h Line: 39)

Junctions state loaded 
(Filename: C:\buildslave\unity\build\Runtime/Export/Debug/Debug.bindings.h Line: 39)

[Loading] загрузка игрового контента (step: 6, frame: 194678) 
(Filename: C:\buildslave\unity\build\Runtime/Export/Debug/Debug.bindings.h Line: 39)

Creating LicenseManager singleton instance '[LicenseManager]' automatically 
(Filename: C:\buildslave\unity\build\Runtime/Export/Debug/Debug.bindings.h Line: 39)

Creating StorageController singleton instance '[StorageController]' automatically 
(Filename: C:\buildslave\unity\build\Runtime/Export/Debug/Debug.bindings.h Line: 39)

Creating DV.TimeKeeping.WorldClockController singleton instance '[WorldClockController]' automatically 
(Filename: C:\buildslave\unity\build\Runtime/Export/Debug/Debug.bindings.h Line: 39)

Unable to find style 'miniButton' in skin 'GameSkin' repaint 
(Filename: C:\buildslave\unity\build\Runtime/Export/Debug/Debug.bindings.h Line: 39)

Unable to find style 'miniButton' in skin 'GameSkin' repaint 
(Filename: C:\buildslave\unity\build\Runtime/Export/Debug/Debug.bindings.h Line: 39)

Creating DV.ItemDisablerGrid singleton instance '[ItemDisablerGrid]' automatically 
(Filename: C:\buildslave\unity\build\Runtime/Export/Debug/Debug.bindings.h Line: 39)

TerrainImposter new bounds (100.0, 4800.0, 100.0) 
(Filename: C:\buildslave\unity\build\Runtime/Export/Debug/Debug.bindings.h Line: 39)

Creating ReflectionProbeScheduler singleton instance '[ReflectionProbeScheduler]' automatically 
(Filename: C:\buildslave\unity\build\Runtime/Export/Debug/Debug.bindings.h Line: 39)

Creating RailTrackRegistry singleton instance '[RailTrackRegistry]' automatically 
(Filename: C:\buildslave\unity\build\Runtime/Export/Debug/Debug.bindings.h Line: 39)

RailTrackRegistry found 1637 tracks using FindObjectsOfType 
(Filename: C:\buildslave\unity\build\Runtime/Export/Debug/Debug.bindings.h Line: 39)

TutorialReferencer waiting for player 
(Filename: C:\buildslave\unity\build\Runtime/Export/Debug/Debug.bindings.h Line: 39)

[TutorialEnabler] completedTutorialPartOne: True, completedTutorialPartTwo: True, completedTutorialAll: True 
(Filename: C:\buildslave\unity\build\Runtime/Export/Debug/Debug.bindings.h Line: 39)

[TutorialEnabler] Not enabling tutorial 
(Filename: C:\buildslave\unity\build\Runtime/Export/Debug/Debug.bindings.h Line: 39)

Creating MouseWheelHoverScroller singleton instance '[MouseWheelHoverScroller]' automatically 
(Filename: C:\buildslave\unity\build\Runtime/Export/Debug/Debug.bindings.h Line: 39)

Creating DV.UI.CursorManager singleton instance '[CursorManager]' automatically 
(Filename: C:\buildslave\unity\build\Runtime/Export/Debug/Debug.bindings.h Line: 39)

Creating CookeryVolumeTracker+VolumeUpdater singleton instance '[Cookery volume tracker]' automatically 
(Filename: C:\buildslave\unity\build\Runtime/Export/Debug/Debug.bindings.h Line: 39)

[Loading] создание игрока (step: 7, frame: 194680) 
(Filename: C:\buildslave\unity\build\Runtime/Export/Debug/Debug.bindings.h Line: 39)

Creating YardTracksOrganizer singleton instance '[YardTracksOrganizer]' automatically 
(Filename: C:\buildslave\unity\build\Runtime/Export/Debug/Debug.bindings.h Line: 39)

[Loading] инициализация вагонного парка (step: 8, frame: 194681) 
(Filename: C:\buildslave\unity\build\Runtime/Export/Debug/Debug.bindings.h Line: 39)

Car pool initialized. 
(Filename: C:\buildslave\unity\build\Runtime/Export/Debug/Debug.bindings.h Line: 39)

[Loading] восстановление сохранённой игры (step: 9, frame: 194725) 
(Filename: C:\buildslave\unity\build\Runtime/Export/Debug/Debug.bindings.h Line: 39)

Verified unchanged difficulty: True 
(Filename: C:\buildslave\unity\build\Runtime/Export/Debug/Debug.bindings.h Line: 39)

Loaded time and date 07/22/2016 16:28:19 
(Filename: C:\buildslave\unity\build\Runtime/Export/Debug/Debug.bindings.h Line: 39)

Creating DV.BedSleepingController singleton instance '[BedSleepingController]' automatically 
(Filename: C:\buildslave\unity\build\Runtime/Export/Debug/Debug.bindings.h Line: 39)

[BedSleepingController] Last bed wakeup time initialized to 07/22/2016 08:28:19 
(Filename: C:\buildslave\unity\build\Runtime/Export/Debug/Debug.bindings.h Line: 39)

[BedSleepingController] Loaded last bed wakeup time: 07/22/2016 07:28:49 
(Filename: C:\buildslave\unity\build\Runtime/Export/Debug/Debug.bindings.h Line: 39)

Creating UnlockablesManager singleton instance '[UnlockablesManager]' automatically 
(Filename: C:\buildslave\unity\build\Runtime/Export/Debug/Debug.bindings.h Line: 39)

Unlocked general licenses: TrainDriver, DE2, ConcurrentJobs1 
(Filename: C:\buildslave\unity\build\Runtime/Export/Debug/Debug.bindings.h Line: 39)

Unlocked job licenses: FreightHaul, Shunting 
(Filename: C:\buildslave\unity\build\Runtime/Export/Debug/Debug.bindings.h Line: 39)

Unlocked garages:  
(Filename: C:\buildslave\unity\build\Runtime/Export/Debug/Debug.bindings.h Line: 39)

Unlocked items:  
(Filename: C:\buildslave\unity\build\Runtime/Export/Debug/Debug.bindings.h Line: 39)

Loaded player position: (12072.3, 133.5, 10571.8) 
(Filename: C:\buildslave\unity\build\Runtime/Export/Debug/Debug.bindings.h Line: 39)

Loaded Licenses and Garages:
GL: GeneralLicenseType_TrainDriver (DV.ThingTypes.GeneralLicenseType_v2), GeneralLicenseType_DE2 (DV.ThingTypes.GeneralLicenseType_v2), GeneralLicenseType_ConcurrentJobs1 (DV.ThingTypes.GeneralLicenseType_v2), 
JL: System.Collections.Generic.HashSet`1[DV.ThingTypes.JobLicenseType_v2]
 
(Filename: C:\buildslave\unity\build\Runtime/Export/Debug/Debug.bindings.h Line: 39)

Rail track hashes match '346E0028A5155A369B04E806CD53269A' 
(Filename: C:\buildslave\unity\build\Runtime/Export/Debug/Debug.bindings.h Line: 39)

Creating UnusedTrainCarDeleter singleton instance '[UnusedTrainCarDeleter]' automatically 
(Filename: C:\buildslave\unity\build\Runtime/Export/Debug/Debug.bindings.h Line: 39)

Creating DV.PhysicsStuff.PhysicsLodManager singleton instance '[physics lod]' automatically 
(Filename: C:\buildslave\unity\build\Runtime/Export/Debug/Debug.bindings.h Line: 39)

Port reader [tm.DYNAMIC_BRAKE] is not set. 
(Filename: C:\buildslave\unity\build\Runtime/Export/Debug/Debug.bindings.h Line: 39)

Port reader [tmPassiveCooler.TARGET_TEMPERATURE] is not set. 
(Filename: C:\buildslave\unity\build\Runtime/Export/Debug/Debug.bindings.h Line: 39)

Port reader [tmDirectionalCooler.TARGET_TEMPERATURE] is not set. 
(Filename: C:\buildslave\unity\build\Runtime/Export/Debug/Debug.bindings.h Line: 39)

Port reader [de.INTERNAL_ENGINE_OFF] is not set. 
(Filename: C:\buildslave\unity\build\Runtime/Export/Debug/Debug.bindings.h Line: 39)

Port reader [de.SEC_GOAL_POWER] is not set. 
(Filename: C:\buildslave\unity\build\Runtime/Export/Debug/Debug.bindings.h Line: 39)

Port reader [de.TEMPERATURE] is not set. 
(Filename: C:\buildslave\unity\build\Runtime/Export/Debug/Debug.bindings.h Line: 39)

Creating DV.InternalExternalSnapshotSwitcherManager singleton instance '[InternalExternalSnapshotSwitcherManager]' automatically 
(Filename: C:\buildslave\unity\build\Runtime/Export/Debug/Debug.bindings.h Line: 39)

Creating DV.ServicePenalty.LocoDebtController singleton instance '[LocoDebtController]' automatically 
(Filename: C:\buildslave\unity\build\Runtime/Export/Debug/Debug.bindings.h Line: 39)

Creating DV.ServicePenalty.CareerManagerDebtController singleton instance '[CareerManagerDebtController]' automatically 
(Filename: C:\buildslave\unity\build\Runtime/Export/Debug/Debug.bindings.h Line: 39)

Port reader [de.RETARDER] is not set. 
(Filename: C:\buildslave\unity\build\Runtime/Export/Debug/Debug.bindings.h Line: 39)

Port reader [fcCooler.TARGET_TEMPERATURE] is not set. 
(Filename: C:\buildslave\unity\build\Runtime/Export/Debug/Debug.bindings.h Line: 39)

Port reader [fcAutomaticCooler.TARGET_TEMPERATURE] is not set. 
(Filename: C:\buildslave\unity\build\Runtime/Export/Debug/Debug.bindings.h Line: 39)

Port reader [tm.DYNAMIC_BRAKE] is not set. 
(Filename: C:\buildslave\unity\build\Runtime/Export/Debug/Debug.bindings.h Line: 39)

Port reader [tmPassiveCooler.TARGET_TEMPERATURE] is not set. 
(Filename: C:\buildslave\unity\build\Runtime/Export/Debug/Debug.bindings.h Line: 39)

Port reader [tmDirectionalCooler.TARGET_TEMPERATURE] is not set. 
(Filename: C:\buildslave\unity\build\Runtime/Export/Debug/Debug.bindings.h Line: 39)

Port reader [de.INTERNAL_ENGINE_OFF] is not set. 
(Filename: C:\buildslave\unity\build\Runtime/Export/Debug/Debug.bindings.h Line: 39)

Port reader [de.SEC_GOAL_POWER] is not set. 
(Filename: C:\buildslave\unity\build\Runtime/Export/Debug/Debug.bindings.h Line: 39)

Port reader [de.TEMPERATURE] is not set. 
(Filename: C:\buildslave\unity\build\Runtime/Export/Debug/Debug.bindings.h Line: 39)

Port reader [tm.DYNAMIC_BRAKE] is not set. 
(Filename: C:\buildslave\unity\build\Runtime/Export/Debug/Debug.bindings.h Line: 39)

Port reader [tmPassiveCooler.TARGET_TEMPERATURE] is not set. 
(Filename: C:\buildslave\unity\build\Runtime/Export/Debug/Debug.bindings.h Line: 39)

Port reader [tmDirectionalCooler.TARGET_TEMPERATURE] is not set. 
(Filename: C:\buildslave\unity\build\Runtime/Export/Debug/Debug.bindings.h Line: 39)

Port reader [de.INTERNAL_ENGINE_OFF] is not set. 
(Filename: C:\buildslave\unity\build\Runtime/Export/Debug/Debug.bindings.h Line: 39)

Port reader [de.SEC_GOAL_POWER] is not set. 
(Filename: C:\buildslave\unity\build\Runtime/Export/Debug/Debug.bindings.h Line: 39)

Port reader [de.TEMPERATURE] is not set. 
(Filename: C:\buildslave\unity\build\Runtime/Export/Debug/Debug.bindings.h Line: 39)

Cars loaded 
(Filename: C:\buildslave\unity\build\Runtime/Export/Debug/Debug.bindings.h Line: 39)

[Loading] ожидание окончания загрузки местности (step: 10, frame: 194728) 
(Filename: C:\buildslave\unity\build\Runtime/Export/Debug/Debug.bindings.h Line: 39)

Waiting for TerrainGrid to load terrains 
(Filename: C:\buildslave\unity\build\Runtime/Export/Debug/Debug.bindings.h Line: 39)

[Loading] инициализация стриминга (step: 11, frame: 194776) 
(Filename: C:\buildslave\unity\build\Runtime/Export/Debug/Debug.bindings.h Line: 39)

[Loading] ожидание окончания загрузки стриминга данных (step: 12, frame: 194777) 
(Filename: C:\buildslave\unity\build\Runtime/Export/Debug/Debug.bindings.h Line: 39)

Animator.GotoState: State could not be found 
(Filename:  Line: 1349)

Invalid Layer Index '-1' 
(Filename:  Line: 915)

UpdateVSProCamera assigning camera 'camera' 
(Filename: C:\buildslave\unity\build\Runtime/Export/Debug/Debug.bindings.h Line: 39)

LayerLODSetup updating culling distances for camera 'camera' 
(Filename: C:\buildslave\unity\build\Runtime/Export/Debug/Debug.bindings.h Line: 39)

StartingItemsController initializing 
(Filename: C:\buildslave\unity\build\Runtime/Export/Debug/Debug.bindings.h Line: 39)

Creating JobSaveManager singleton instance '[JobSaveManager]' automatically 
(Filename: C:\buildslave\unity\build\Runtime/Export/Debug/Debug.bindings.h Line: 39)

Creating DV.Logic.Job.JobsManager singleton instance '[JobsManager]' automatically 
(Filename: C:\buildslave\unity\build\Runtime/Export/Debug/Debug.bindings.h Line: 39)

Creating DV.ServicePenalty.JobDebtController singleton instance '[JobDebtController]' automatically 
(Filename: C:\buildslave\unity\build\Runtime/Export/Debug/Debug.bindings.h Line: 39)

Successfully loaded job chain: [LOADED] ChainJob[Transport]: GF - FF 
(Filename: C:\buildslave\unity\build\Runtime/Export/Debug/Debug.bindings.h Line: 39)

Matched job and job booklet [GF-FH-80] 
(Filename: C:\buildslave\unity\build\Runtime/Export/Debug/Debug.bindings.h Line: 39)

Successfully loaded job chain: [LOADED] ChainJob[Transport]: GF - MF 
(Filename: C:\buildslave\unity\build\Runtime/Export/Debug/Debug.bindings.h Line: 39)

Successfully loaded job chain: [LOADED] ChainJob[EmptyHaul]: GF - OWC 
(Filename: C:\buildslave\unity\build\Runtime/Export/Debug/Debug.bindings.h Line: 39)

Successfully loaded job chain: [LOADED] ChainJob[Transport]: GF - HB 
(Filename: C:\buildslave\unity\build\Runtime/Export/Debug/Debug.bindings.h Line: 39)

Successfully loaded job chain: [LOADED] ChainJob[ShuntingLoad]: GF - CSW 
(Filename: C:\buildslave\unity\build\Runtime/Export/Debug/Debug.bindings.h Line: 39)

Successfully loaded job chain: [LOADED] ChainJob[EmptyHaul]: GF - CSW 
(Filename: C:\buildslave\unity\build\Runtime/Export/Debug/Debug.bindings.h Line: 39)

Successfully loaded job chain: [LOADED] ChainJob[EmptyHaul]: GF - MF 
(Filename: C:\buildslave\unity\build\Runtime/Export/Debug/Debug.bindings.h Line: 39)

Loaded existing locos debt 
(Filename: C:\buildslave\unity\build\Runtime/Export/Debug/Debug.bindings.h Line: 39)

Loaded destroyed locos debt 
(Filename: C:\buildslave\unity\build\Runtime/Export/Debug/Debug.bindings.h Line: 39)

Loaded existing jobs debt 
(Filename: C:\buildslave\unity\build\Runtime/Export/Debug/Debug.bindings.h Line: 39)

Loaded staged jobs debt 
(Filename: C:\buildslave\unity\build\Runtime/Export/Debug/Debug.bindings.h Line: 39)

Loaded deleted jobless cars debt 
(Filename: C:\buildslave\unity\build\Runtime/Export/Debug/Debug.bindings.h Line: 39)

Loaded insurance fee data 
(Filename: C:\buildslave\unity\build\Runtime/Export/Debug/Debug.bindings.h Line: 39)

Player entering car 'LocoDE2(Clone) (TrainCar)' 
(Filename: C:\buildslave\unity\build\Runtime/Export/Debug/Debug.bindings.h Line: 39)

Setting 'LocoDE2(Clone) (TrainCar)' as Player's last loco. 
(Filename: C:\buildslave\unity\build\Runtime/Export/Debug/Debug.bindings.h Line: 39)

194859 - Player teleported to car: LocoDE2(Clone) [interior] 
(Filename: C:\buildslave\unity\build\Runtime/Export/Debug/Debug.bindings.h Line: 39)

Hazmat data loaded 
(Filename: C:\buildslave\unity\build\Runtime/Export/Debug/Debug.bindings.h Line: 39)

194859 - carsAndJobsLoadingFinished 
(Filename: C:\buildslave\unity\build\Runtime/Export/Debug/Debug.bindings.h Line: 39)

[Loading] Готово (step: 13, frame: 194859) 
(Filename: C:\buildslave\unity\build\Runtime/Export/Debug/Debug.bindings.h Line: 39)

Port reader [tm.DYNAMIC_BRAKE] is not set. 
(Filename: C:\buildslave\unity\build\Runtime/Export/Debug/Debug.bindings.h Line: 39)

Port reader [tmPassiveCooler.TARGET_TEMPERATURE] is not set. 
(Filename: C:\buildslave\unity\build\Runtime/Export/Debug/Debug.bindings.h Line: 39)

Port reader [tmDirectionalCooler.TARGET_TEMPERATURE] is not set. 
(Filename: C:\buildslave\unity\build\Runtime/Export/Debug/Debug.bindings.h Line: 39)

Port reader [de.INTERNAL_ENGINE_OFF] is not set. 
(Filename: C:\buildslave\unity\build\Runtime/Export/Debug/Debug.bindings.h Line: 39)

Port reader [de.SEC_GOAL_POWER] is not set. 
(Filename: C:\buildslave\unity\build\Runtime/Export/Debug/Debug.bindings.h Line: 39)

Port reader [de.TEMPERATURE] is not set. 
(Filename: C:\buildslave\unity\build\Runtime/Export/Debug/Debug.bindings.h Line: 39)

SaveLoadController session is null 
(Filename: C:\buildslave\unity\build\Runtime/Export/Debug/Debug.bindings.h Line: 39)

UIMenuController proceeding with switching the menu to index 2 
(Filename: C:\buildslave\unity\build\Runtime/Export/Debug/Debug.bindings.h Line: 39)

UIMenuController proceeding with switching the menu to index 3 
(Filename: C:\buildslave\unity\build\Runtime/Export/Debug/Debug.bindings.h Line: 39)

ManualDataLoader: Manual data loaded for language: 'russian'. 
(Filename: C:\buildslave\unity\build\Runtime/Export/Debug/Debug.bindings.h Line: 39)

UIMenuController proceeding with switching the menu to index 4 
(Filename: C:\buildslave\unity\build\Runtime/Export/Debug/Debug.bindings.h Line: 39)

UIMenuController proceeding with switching the menu to index 1 
(Filename: C:\buildslave\unity\build\Runtime/Export/Debug/Debug.bindings.h Line: 39)

UIMenuController proceeding with switching the menu to index 2 
(Filename: C:\buildslave\unity\build\Runtime/Export/Debug/Debug.bindings.h Line: 39)

UIMenuController proceeding with switching the menu to index 0 
(Filename: C:\buildslave\unity\build\Runtime/Export/Debug/Debug.bindings.h Line: 39)

Destroying StartGameData_FromSaveGame '[start game data] (StartGameData_FromSaveGame)' 
(Filename: C:\buildslave\unity\build\Runtime/Export/Debug/Debug.bindings.h Line: 39)

UIMenuController proceeding with switching the menu to index 0 
(Filename: C:\buildslave\unity\build\Runtime/Export/Debug/Debug.bindings.h Line: 39)

UIMenuController proceeding with switching the menu to index 0 
(Filename: C:\buildslave\unity\build\Runtime/Export/Debug/Debug.bindings.h Line: 39)

UIMenuController proceeding with switching the menu to index 1 
(Filename: C:\buildslave\unity\build\Runtime/Export/Debug/Debug.bindings.h Line: 39)

Couldn't apply localization 'cancel', passed component is null 
(Filename: C:\buildslave\unity\build\Runtime/Export/Debug/Debug.bindings.h Line: 39)

Couldn't apply localization to 'ButtonNo', passed bad key 
(Filename: C:\buildslave\unity\build\Runtime/Export/Debug/Debug.bindings.h Line: 39)

Couldn't apply localization '', passed component is null 
(Filename: C:\buildslave\unity\build\Runtime/Export/Debug/Debug.bindings.h Line: 39)

Rename save popup closed by Positive, data: --- 
(Filename: C:\buildslave\unity\build\Runtime/Export/Debug/Debug.bindings.h Line: 39)

Game saved (Manual) at 9:05:37 
(Filename: C:\buildslave\unity\build\Runtime/Export/Debug/Debug.bindings.h Line: 39)

Application quit requested 
(Filename: C:\buildslave\unity\build\Runtime/Export/Debug/Debug.bindings.h Line: 39)

Setting up 3 worker threads for Enlighten.
  Thread -> id: 26c4 -> priority: 1 
  Thread -> id: ab8 -> priority: 1 
  Thread -> id: ca4 -> priority: 1 
UnityException: Trying to destroy invalid instance of 'Bolt.SceneVariables' singleton in scene 'game_w3'.
  at Ludiq.SceneSingleton`1[T].OnDestroy (T instance) [0x00100] in <afc846f684364b38be7b9624a972dc39>:0 
  at Bolt.SceneVariables.OnDestroy () [0x00000] in <efb81956579344b9ab72ac0fca6778a3>:0 
 
(Filename: <afc846f684364b38be7b9624a972dc39> Line: 0)

