Mono path[0] = 'C:/Games/Derail Valley/DerailValley_Data/Managed'
Mono config path = 'C:/Games/Derail Valley/MonoBleedingEdge/etc'
Initialize engine version: 2019.4.40f1 (ffc62b691db5)
[Subsystems] Discovering subsystems at path C:/Games/Derail Valley/DerailValley_Data/UnitySubsystems
GfxDevice: creating device client; threaded=1
Direct3D:
    Version:  Direct3D 11.0 [level 11.1]
    Renderer: NVIDIA GeForce GTX 1660 (ID=0x2184)
    Vendor:   
    VRAM:     5980 MB
    Driver:   31.0.15.3713
Begin MonoManager ReloadAssembly
- Completed reload, in  0.457 seconds
<RI> Initializing input.
<RI> Input initialized.
<RI> Initialized touch support.
The referenced script on this Behaviour (Game Object '[init]') is missing! 
(Filename:  Line: 334)

UnloadTime: 1.803800 ms
[Globals] fetching default config from resources 
(Filename: C:\buildslave\unity\build\Runtime/Export/Debug/Debug.bindings.h Line: 39)

Initializing console 
(Filename: C:\buildslave\unity\build\Runtime/Export/Debug/Debug.bindings.h Line: 39)

Creating UnloadWatcher singleton instance '[UnloadWatcher]' automatically 
(Filename: C:\buildslave\unity\build\Runtime/Export/Debug/Debug.bindings.h Line: 39)

Build version: Build #95
Build destination: steam
Build timestamp: 2023-07-21 15:50:07.407289 UTC
Build number: build1047
Build type: release
Build GUID: 9550eb492884d434da3e1b5325cf5a3c
App version: 0.95
App identifier: 
Build tags: 
OS: Windows 10  (10.0.19044) 64bit
CPU: Intel(R) Core(TM) i5-9600K CPU @ 3.70GHz
CPU freq: 3696
RAM: 16302
GPU: NVIDIA GeForce GTX 1660
GPU vendor: NVIDIA
GPU memory: 5980
Log timestamp: 2023-09-09 16:12:13 UTC 
(Filename: C:\buildslave\unity\build\Runtime/Export/Debug/Debug.bindings.h Line: 39)

Command line args:
C:\Games\Derail Valley\DerailValley.exe 
(Filename: C:\buildslave\unity\build\Runtime/Export/Debug/Debug.bindings.h Line: 39)

[bootstrap] Switching VR device from "" to "OpenVR" 
(Filename: C:\buildslave\unity\build\Runtime/Export/Debug/Debug.bindings.h Line: 39)

DV.DopplerEffects.ADopplerListener doesn't implement AllowAutoCreate method, assuming 'false' 
(Filename: C:\buildslave\unity\build\Runtime/Export/Debug/Debug.bindings.h Line: 39)

XR: OpenVR Error! OpenVR failed initialization with error code VRInitError_Init_PathRegistryNotFound: "Installation path could not be located (110)"! 
(Filename:  Line: 1889)

[bootstrap] Couldn't automatically load VR device, game will start in non-VR mode 
(Filename: C:\buildslave\unity\build\Runtime/Export/Debug/Debug.bindings.h Line: 39)

UiVisibilityManagerNonvr doesn't implement AllowAutoCreate method, assuming 'false' 
(Filename: C:\buildslave\unity\build\Runtime/Export/Debug/Debug.bindings.h Line: 39)

[bootstrap] Skipping entitlement check, switching to next scene 
(Filename: C:\buildslave\unity\build\Runtime/Export/Debug/Debug.bindings.h Line: 39)

[SceneSwitcher] bootstrapping to next scene with index 1 
(Filename: C:\buildslave\unity\build\Runtime/Export/Debug/Debug.bindings.h Line: 39)

Unloading 6 Unused Serialized files (Serialized files now loaded: 0)
UnloadTime: 0.803100 ms

Unloading 64 unused Assets to reduce memory usage. Loaded Objects now: 123825.
Total: 79.731600 ms (FindLiveObjects: 3.540600 ms CreateObjectMapping: 9.373100 ms MarkObjects: 66.485800 ms  DeleteObjects: 0.331800 ms)

C:\Games\Derail Valley\localization 
(Filename: C:\buildslave\unity\build\Runtime/Export/Debug/Debug.bindings.h Line: 39)

[LocalizationLoader] Ingesting localization from C:\Games\Derail Valley\localization 
(Filename: C:\buildslave\unity\build\Runtime/Export/Debug/Debug.bindings.h Line: 39)

[LocalizationLoader] didn't find dir 'C:\Games\Derail Valley\localization', will not ingest new localizations 
(Filename: C:\buildslave\unity\build\Runtime/Export/Debug/Debug.bindings.h Line: 39)

[SceneSwitcher] bootstrapping to next scene with index 2 
(Filename: C:\buildslave\unity\build\Runtime/Export/Debug/Debug.bindings.h Line: 39)

Unloading 4 Unused Serialized files (Serialized files now loaded: 0)
UnloadTime: 0.764500 ms
[SceneSwitcher] no queued scene, switching to next scene with index 3 (nextSceneToLoad was -1) 
(Filename: C:\buildslave\unity\build\Runtime/Export/Debug/Debug.bindings.h Line: 39)


Unloading 1 unused Assets to reduce memory usage. Loaded Objects now: 123824.
Total: 73.714900 ms (FindLiveObjects: 3.351600 ms CreateObjectMapping: 9.690800 ms MarkObjects: 60.521100 ms  DeleteObjects: 0.150900 ms)

Unloading 5 Unused Serialized files (Serialized files now loaded: 0)
UnloadTime: 0.818500 ms
DV.UserManagement.UserManager doesn't implement AllowAutoCreate method, assuming 'false' 
(Filename: C:\buildslave\unity\build\Runtime/Export/Debug/Debug.bindings.h Line: 39)

[UserManagerInstantiator] instantiating a new UserManager 
(Filename: C:\buildslave\unity\build\Runtime/Export/Debug/Debug.bindings.h Line: 39)

Checking for save imports... 
(Filename: C:\buildslave\unity\build\Runtime/Export/Debug/Debug.bindings.h Line: 39)

No new save imports for Player 
(Filename: C:\buildslave\unity\build\Runtime/Export/Debug/Debug.bindings.h Line: 39)

Save importing phase done. 
(Filename: C:\buildslave\unity\build\Runtime/Export/Debug/Debug.bindings.h Line: 39)

Wrote key bindings configuration: C:\Users\Dmytro\AppData\LocalLow\Altfuture\Derail Valley\Preferences\000_Player.ini 
(Filename: C:\buildslave\unity\build\Runtime/Export/Debug/Debug.bindings.h Line: 39)

Wrote game preferences configuration: C:\Users\Dmytro\AppData\LocalLow\Altfuture\Derail Valley\Preferences\000_Player.ini 
(Filename: C:\buildslave\unity\build\Runtime/Export/Debug/Debug.bindings.h Line: 39)

Wrote game preferences configuration: C:\Users\Dmytro\AppData\LocalLow\Altfuture\Derail Valley\Preferences\000_Player.ini 
(Filename: C:\buildslave\unity\build\Runtime/Export/Debug/Debug.bindings.h Line: 39)

Wrote game preferences configuration: C:\Users\Dmytro\AppData\LocalLow\Altfuture\Derail Valley\Preferences\000_Player.ini 
(Filename: C:\buildslave\unity\build\Runtime/Export/Debug/Debug.bindings.h Line: 39)

Using ScenarioCRUD path 'C:/Users/Dmytro/AppData/LocalLow/Altfuture/Derail Valley/Users/000_Player/GameData/assets' 
(Filename: C:\buildslave\unity\build\Runtime/Export/Debug/Debug.bindings.h Line: 39)

Check for unsaved difficulties... 
(Filename: C:\buildslave\unity\build\Runtime/Export/Debug/Debug.bindings.h Line: 39)

Unsaved difficulties phase done. 
(Filename: C:\buildslave\unity\build\Runtime/Export/Debug/Debug.bindings.h Line: 39)

ManualDataLoader: Manual data loaded for language: 'russian'. 
(Filename: C:\buildslave\unity\build\Runtime/Export/Debug/Debug.bindings.h Line: 39)

SaveLoadController session is null 
(Filename: C:\buildslave\unity\build\Runtime/Export/Debug/Debug.bindings.h Line: 39)

RefreshData fallback to empty lists (gameMode: '', userProfileProvider null?: True, scenariosProvider null?: True) 
(Filename: C:\buildslave\unity\build\Runtime/Export/Debug/Debug.bindings.h Line: 39)

RefreshData fallback to empty lists (gameMode: '', userProfileProvider null?: True, scenariosProvider null?: True) 
(Filename: C:\buildslave\unity\build\Runtime/Export/Debug/Debug.bindings.h Line: 39)


Unloading 1 unused Assets to reduce memory usage. Loaded Objects now: 151511.
Total: 115.035400 ms (FindLiveObjects: 5.495200 ms CreateObjectMapping: 8.927900 ms MarkObjects: 100.317700 ms  DeleteObjects: 0.294200 ms)

VR is not enabled, destroying MainMenuVREnabler 
(Filename: C:\buildslave\unity\build\Runtime/Export/Debug/Debug.bindings.h Line: 39)

Supported resolutions: 
800 x 600
1024 x 768
1152 x 864
1280 x 720
1280 x 768
1280 x 800
1280 x 960
1280 x 1024
1360 x 768
1366 x 768
1440 x 900
1440 x 1080
1600 x 900
1600 x 1024
1680 x 1050
1920 x 1080 
(Filename: C:\buildslave\unity\build\Runtime/Export/Debug/Debug.bindings.h Line: 39)

SaveLoadController session is null 
(Filename: C:\buildslave\unity\build\Runtime/Export/Debug/Debug.bindings.h Line: 39)

Creating UnlockablesManager singleton instance '[UnlockablesManager]' automatically 
(Filename: C:\buildslave\unity\build\Runtime/Export/Debug/Debug.bindings.h Line: 39)

Recalculating DVObjectModel caches 
(Filename: C:\buildslave\unity\build\Runtime/Export/Debug/Debug.bindings.h Line: 39)

Creating DV.Telemetry.TelemetryCentral singleton instance '[TelemetryCentral]' automatically 
(Filename: C:\buildslave\unity\build\Runtime/Export/Debug/Debug.bindings.h Line: 39)

UIMenuController proceeding with switching the menu to index 0 
(Filename: C:\buildslave\unity\build\Runtime/Export/Debug/Debug.bindings.h Line: 39)

Unloading 0 Unused Serialized files (Serialized files now loaded: 0)
WorldStreamingInit doesn't implement AllowAutoCreate method, assuming 'false' 
(Filename: C:\buildslave\unity\build\Runtime/Export/Debug/Debug.bindings.h Line: 39)


Unloading 275 unused Assets to reduce memory usage. Loaded Objects now: 153154.
Total: 120.443300 ms (FindLiveObjects: 6.363500 ms CreateObjectMapping: 10.299800 ms MarkObjects: 102.429900 ms  DeleteObjects: 1.349800 ms)

UIMenuController proceeding with switching the menu to index 0 
(Filename: C:\buildslave\unity\build\Runtime/Export/Debug/Debug.bindings.h Line: 39)

UIMenuController proceeding with switching the menu to index 0 
(Filename: C:\buildslave\unity\build\Runtime/Export/Debug/Debug.bindings.h Line: 39)

UIMenuController proceeding with switching the menu to index 0 
(Filename: C:\buildslave\unity\build\Runtime/Export/Debug/Debug.bindings.h Line: 39)

UIMenuController proceeding with switching the menu to index 0 
(Filename: C:\buildslave\unity\build\Runtime/Export/Debug/Debug.bindings.h Line: 39)

UIMenuController proceeding with switching the menu to index 0 
(Filename: C:\buildslave\unity\build\Runtime/Export/Debug/Debug.bindings.h Line: 39)

[MainMenuMusicFadeout] waiting for loading screen progress 
(Filename: C:\buildslave\unity\build\Runtime/Export/Debug/Debug.bindings.h Line: 39)

Creating CoroutineManager singleton instance '[coroutine manager]' automatically 
(Filename: C:\buildslave\unity\build\Runtime/Export/Debug/Debug.bindings.h Line: 39)

Unloading 4 Unused Serialized files (Serialized files now loaded: 0)
UnloadTime: 28.565700 ms
[SceneSwitcher] switching to queued scene with index 4 
(Filename: C:\buildslave\unity\build\Runtime/Export/Debug/Debug.bindings.h Line: 39)


Unloading 741 unused Assets to reduce memory usage. Loaded Objects now: 124646.
Total: 98.682200 ms (FindLiveObjects: 3.575200 ms CreateObjectMapping: 8.860500 ms MarkObjects: 85.053500 ms  DeleteObjects: 1.192600 ms)

Unloading 6 Unused Serialized files (Serialized files now loaded: 0)
UnloadTime: 2.279400 ms
[UserManagerInstantiator] doing nothing, UserManager already exists 
(Filename: C:\buildslave\unity\build\Runtime/Export/Debug/Debug.bindings.h Line: 39)

Wrote key bindings configuration: C:\Users\Dmytro\AppData\LocalLow\Altfuture\Derail Valley\Preferences\000_Player.ini 
(Filename: C:\buildslave\unity\build\Runtime/Export/Debug/Debug.bindings.h Line: 39)

Wrote game preferences configuration: C:\Users\Dmytro\AppData\LocalLow\Altfuture\Derail Valley\Preferences\000_Player.ini 
(Filename: C:\buildslave\unity\build\Runtime/Export/Debug/Debug.bindings.h Line: 39)

Wrote game preferences configuration: C:\Users\Dmytro\AppData\LocalLow\Altfuture\Derail Valley\Preferences\000_Player.ini 
(Filename: C:\buildslave\unity\build\Runtime/Export/Debug/Debug.bindings.h Line: 39)

Wrote game preferences configuration: C:\Users\Dmytro\AppData\LocalLow\Altfuture\Derail Valley\Preferences\000_Player.ini 
(Filename: C:\buildslave\unity\build\Runtime/Export/Debug/Debug.bindings.h Line: 39)

[MemoryMonitoring] free: 9684020 KB, total: 18135048 KB 
(Filename: C:\buildslave\unity\build\Runtime/Export/Debug/Debug.bindings.h Line: 39)

Creating CoroutineManager singleton instance '[coroutine manager]' automatically 
(Filename: C:\buildslave\unity\build\Runtime/Export/Debug/Debug.bindings.h Line: 39)

[Loading] загрузка начальных игровых данных (step: 1, frame: 12661) 
(Filename: C:\buildslave\unity\build\Runtime/Export/Debug/Debug.bindings.h Line: 39)

Creating DV.UI.LocoHUD.HUDHoverManager singleton instance '[HUDHoverManager]' automatically 
(Filename: C:\buildslave\unity\build\Runtime/Export/Debug/Debug.bindings.h Line: 39)

Creating DV.Telemetry.TelemetryCentral singleton instance '[TelemetryCentral]' automatically 
(Filename: C:\buildslave\unity\build\Runtime/Export/Debug/Debug.bindings.h Line: 39)

Creating DV.Debugging.EffectsTogglerDebug singleton instance '[EffectsTogglerDebug]' automatically 
(Filename: C:\buildslave\unity\build\Runtime/Export/Debug/Debug.bindings.h Line: 39)

Creating DV.AppUtil singleton instance '[AppUtil]' automatically 
(Filename: C:\buildslave\unity\build\Runtime/Export/Debug/Debug.bindings.h Line: 39)


Unloading 187 unused Assets to reduce memory usage. Loaded Objects now: 193298.
Total: 120.213400 ms (FindLiveObjects: 7.400200 ms CreateObjectMapping: 10.739800 ms MarkObjects: 101.788100 ms  DeleteObjects: 0.284900 ms)

Creating LoadingScreenManager singleton instance '[LoadingScreenManager]' automatically 
(Filename: C:\buildslave\unity\build\Runtime/Export/Debug/Debug.bindings.h Line: 39)

Parent of RectTransform is being set with parent property. Consider using the SetParent method instead, with the worldPositionStays argument set to false. This will retain local orientation and scale rather than world orientation and scale, which can prevent common UI scaling issues. 
(Filename: C:\buildslave\unity\build\Runtime/Export/Debug/Debug.bindings.h Line: 39)

Parent of RectTransform is being set with parent property. Consider using the SetParent method instead, with the worldPositionStays argument set to false. This will retain local orientation and scale rather than world orientation and scale, which can prevent common UI scaling issues. 
(Filename: C:\buildslave\unity\build\Runtime/Export/Debug/Debug.bindings.h Line: 39)

Supported resolutions: 
800 x 600
1024 x 768
1152 x 864
1280 x 720
1280 x 768
1280 x 800
1280 x 960
1280 x 1024
1360 x 768
1366 x 768
1440 x 900
1440 x 1080
1600 x 900
1600 x 1024
1680 x 1050
1920 x 1080 
(Filename: C:\buildslave\unity\build\Runtime/Export/Debug/Debug.bindings.h Line: 39)

Parent of RectTransform is being set with parent property. Consider using the SetParent method instead, with the worldPositionStays argument set to false. This will retain local orientation and scale rather than world orientation and scale, which can prevent common UI scaling issues. 
(Filename: C:\buildslave\unity\build\Runtime/Export/Debug/Debug.bindings.h Line: 39)

Parent of RectTransform is being set with parent property. Consider using the SetParent method instead, with the worldPositionStays argument set to false. This will retain local orientation and scale rather than world orientation and scale, which can prevent common UI scaling issues. 
(Filename: C:\buildslave\unity\build\Runtime/Export/Debug/Debug.bindings.h Line: 39)

Parent of RectTransform is being set with parent property. Consider using the SetParent method instead, with the worldPositionStays argument set to false. This will retain local orientation and scale rather than world orientation and scale, which can prevent common UI scaling issues. 
(Filename: C:\buildslave\unity\build\Runtime/Export/Debug/Debug.bindings.h Line: 39)

Parent of RectTransform is being set with parent property. Consider using the SetParent method instead, with the worldPositionStays argument set to false. This will retain local orientation and scale rather than world orientation and scale, which can prevent common UI scaling issues. 
(Filename: C:\buildslave\unity\build\Runtime/Export/Debug/Debug.bindings.h Line: 39)

Parent of RectTransform is being set with parent property. Consider using the SetParent method instead, with the worldPositionStays argument set to false. This will retain local orientation and scale rather than world orientation and scale, which can prevent common UI scaling issues. 
(Filename: C:\buildslave\unity\build\Runtime/Export/Debug/Debug.bindings.h Line: 39)

Parent of RectTransform is being set with parent property. Consider using the SetParent method instead, with the worldPositionStays argument set to false. This will retain local orientation and scale rather than world orientation and scale, which can prevent common UI scaling issues. 
(Filename: C:\buildslave\unity\build\Runtime/Export/Debug/Debug.bindings.h Line: 39)

Parent of RectTransform is being set with parent property. Consider using the SetParent method instead, with the worldPositionStays argument set to false. This will retain local orientation and scale rather than world orientation and scale, which can prevent common UI scaling issues. 
(Filename: C:\buildslave\unity\build\Runtime/Export/Debug/Debug.bindings.h Line: 39)

Parent of RectTransform is being set with parent property. Consider using the SetParent method instead, with the worldPositionStays argument set to false. This will retain local orientation and scale rather than world orientation and scale, which can prevent common UI scaling issues. 
(Filename: C:\buildslave\unity\build\Runtime/Export/Debug/Debug.bindings.h Line: 39)

Parent of RectTransform is being set with parent property. Consider using the SetParent method instead, with the worldPositionStays argument set to false. This will retain local orientation and scale rather than world orientation and scale, which can prevent common UI scaling issues. 
(Filename: C:\buildslave\unity\build\Runtime/Export/Debug/Debug.bindings.h Line: 39)

Parent of RectTransform is being set with parent property. Consider using the SetParent method instead, with the worldPositionStays argument set to false. This will retain local orientation and scale rather than world orientation and scale, which can prevent common UI scaling issues. 
(Filename: C:\buildslave\unity\build\Runtime/Export/Debug/Debug.bindings.h Line: 39)

Parent of RectTransform is being set with parent property. Consider using the SetParent method instead, with the worldPositionStays argument set to false. This will retain local orientation and scale rather than world orientation and scale, which can prevent common UI scaling issues. 
(Filename: C:\buildslave\unity\build\Runtime/Export/Debug/Debug.bindings.h Line: 39)

Parent of RectTransform is being set with parent property. Consider using the SetParent method instead, with the worldPositionStays argument set to false. This will retain local orientation and scale rather than world orientation and scale, which can prevent common UI scaling issues. 
(Filename: C:\buildslave\unity\build\Runtime/Export/Debug/Debug.bindings.h Line: 39)

Parent of RectTransform is being set with parent property. Consider using the SetParent method instead, with the worldPositionStays argument set to false. This will retain local orientation and scale rather than world orientation and scale, which can prevent common UI scaling issues. 
(Filename: C:\buildslave\unity\build\Runtime/Export/Debug/Debug.bindings.h Line: 39)

Parent of RectTransform is being set with parent property. Consider using the SetParent method instead, with the worldPositionStays argument set to false. This will retain local orientation and scale rather than world orientation and scale, which can prevent common UI scaling issues. 
(Filename: C:\buildslave\unity\build\Runtime/Export/Debug/Debug.bindings.h Line: 39)

Parent of RectTransform is being set with parent property. Consider using the SetParent method instead, with the worldPositionStays argument set to false. This will retain local orientation and scale rather than world orientation and scale, which can prevent common UI scaling issues. 
(Filename: C:\buildslave\unity\build\Runtime/Export/Debug/Debug.bindings.h Line: 39)

Parent of RectTransform is being set with parent property. Consider using the SetParent method instead, with the worldPositionStays argument set to false. This will retain local orientation and scale rather than world orientation and scale, which can prevent common UI scaling issues. 
(Filename: C:\buildslave\unity\build\Runtime/Export/Debug/Debug.bindings.h Line: 39)

Creating DV.UI.LocoHUD.HUDUpdateManager singleton instance '[HUDUpdateManager]' automatically 
(Filename: C:\buildslave\unity\build\Runtime/Export/Debug/Debug.bindings.h Line: 39)

Creating DV.Hovering.NonVRHoverManager singleton instance '[NonVRHoverManager]' automatically 
(Filename: C:\buildslave\unity\build\Runtime/Export/Debug/Debug.bindings.h Line: 39)

Creating DV.DopplerEffects.DopplerStopRequests singleton instance '[DopplerStopRequests]' automatically 
(Filename: C:\buildslave\unity\build\Runtime/Export/Debug/Debug.bindings.h Line: 39)

Creating ScreenspaceMouse singleton instance '[ScreenspaceMouse]' automatically 
(Filename: C:\buildslave\unity\build\Runtime/Export/Debug/Debug.bindings.h Line: 39)

Creating DV.PausePhysicsHandler singleton instance '[PausePhysicsHandler]' automatically 
(Filename: C:\buildslave\unity\build\Runtime/Export/Debug/Debug.bindings.h Line: 39)

Creating DV.Logic.Job.IdGenerator singleton instance '[IdGenerator]' automatically 
(Filename: C:\buildslave\unity\build\Runtime/Export/Debug/Debug.bindings.h Line: 39)

Creating DV.VFX.TrainVegetationInteractionManager singleton instance '[TrainVegetationInteractionManager]' automatically 
(Filename: C:\buildslave\unity\build\Runtime/Export/Debug/Debug.bindings.h Line: 39)

Creating DV.Simulation.Brake.HoseSeparationChecker singleton instance '[HoseSeparationChecker]' automatically 
(Filename: C:\buildslave\unity\build\Runtime/Export/Debug/Debug.bindings.h Line: 39)

SaveGameManager found StartGameData_FromSaveGame 
(Filename: C:\buildslave\unity\build\Runtime/Export/Debug/Debug.bindings.h Line: 39)

Overriding saved difficulty parameters via difficultyParamsOverride: Standard 
(Filename: C:\buildslave\unity\build\Runtime/Export/Debug/Debug.bindings.h Line: 39)

[Loading] инициализация растительности (step: 2, frame: 12662) 
(Filename: C:\buildslave\unity\build\Runtime/Export/Debug/Debug.bindings.h Line: 39)

[Loading] инициализация местности (step: 3, frame: 12663) 
(Filename: C:\buildslave\unity\build\Runtime/Export/Debug/Debug.bindings.h Line: 39)

WARNING: Shader Unsupported: 'Hidden/Nature/Terrain/Utilities' - All passes removed
WARNING: Shader Did you use #pragma only_renderers and omit this platform?
[Loading] загрузка путей (step: 4, frame: 12665) 
(Filename: C:\buildslave\unity\build\Runtime/Export/Debug/Debug.bindings.h Line: 39)

Creating TunnelCollisionIgnore+TunnelCollisionCache singleton instance '[TunnelCollisionCache]' automatically 
(Filename: C:\buildslave\unity\build\Runtime/Export/Debug/Debug.bindings.h Line: 39)

[Loading] загрузка железнодорожных объектов (step: 5, frame: 12667) 
(Filename: C:\buildslave\unity\build\Runtime/Export/Debug/Debug.bindings.h Line: 39)

Creating DV.WorldData singleton instance '[WorldData]' automatically 
(Filename: C:\buildslave\unity\build\Runtime/Export/Debug/Debug.bindings.h Line: 39)

Junctions hashes match 'FC85F2962C92ADC2CEAAB1EB08926870' 
(Filename: C:\buildslave\unity\build\Runtime/Export/Debug/Debug.bindings.h Line: 39)

Junctions state loaded 
(Filename: C:\buildslave\unity\build\Runtime/Export/Debug/Debug.bindings.h Line: 39)

[Loading] загрузка игрового контента (step: 6, frame: 12668) 
(Filename: C:\buildslave\unity\build\Runtime/Export/Debug/Debug.bindings.h Line: 39)

Creating LicenseManager singleton instance '[LicenseManager]' automatically 
(Filename: C:\buildslave\unity\build\Runtime/Export/Debug/Debug.bindings.h Line: 39)

Creating StorageController singleton instance '[StorageController]' automatically 
(Filename: C:\buildslave\unity\build\Runtime/Export/Debug/Debug.bindings.h Line: 39)

Creating DV.TimeKeeping.WorldClockController singleton instance '[WorldClockController]' automatically 
(Filename: C:\buildslave\unity\build\Runtime/Export/Debug/Debug.bindings.h Line: 39)

Unable to find style 'miniButton' in skin 'GameSkin' repaint 
(Filename: C:\buildslave\unity\build\Runtime/Export/Debug/Debug.bindings.h Line: 39)

Unable to find style 'miniButton' in skin 'GameSkin' repaint 
(Filename: C:\buildslave\unity\build\Runtime/Export/Debug/Debug.bindings.h Line: 39)

Creating DV.ItemDisablerGrid singleton instance '[ItemDisablerGrid]' automatically 
(Filename: C:\buildslave\unity\build\Runtime/Export/Debug/Debug.bindings.h Line: 39)

TerrainImposter new bounds (100.0, 4800.0, 100.0) 
(Filename: C:\buildslave\unity\build\Runtime/Export/Debug/Debug.bindings.h Line: 39)

Creating ReflectionProbeScheduler singleton instance '[ReflectionProbeScheduler]' automatically 
(Filename: C:\buildslave\unity\build\Runtime/Export/Debug/Debug.bindings.h Line: 39)

Creating RailTrackRegistry singleton instance '[RailTrackRegistry]' automatically 
(Filename: C:\buildslave\unity\build\Runtime/Export/Debug/Debug.bindings.h Line: 39)

RailTrackRegistry found 1637 tracks using FindObjectsOfType 
(Filename: C:\buildslave\unity\build\Runtime/Export/Debug/Debug.bindings.h Line: 39)

TutorialReferencer waiting for player 
(Filename: C:\buildslave\unity\build\Runtime/Export/Debug/Debug.bindings.h Line: 39)

[TutorialEnabler] completedTutorialPartOne: True, completedTutorialPartTwo: True, completedTutorialAll: True 
(Filename: C:\buildslave\unity\build\Runtime/Export/Debug/Debug.bindings.h Line: 39)

[TutorialEnabler] Not enabling tutorial 
(Filename: C:\buildslave\unity\build\Runtime/Export/Debug/Debug.bindings.h Line: 39)

Creating MouseWheelHoverScroller singleton instance '[MouseWheelHoverScroller]' automatically 
(Filename: C:\buildslave\unity\build\Runtime/Export/Debug/Debug.bindings.h Line: 39)

Creating DV.UI.CursorManager singleton instance '[CursorManager]' automatically 
(Filename: C:\buildslave\unity\build\Runtime/Export/Debug/Debug.bindings.h Line: 39)

Creating CookeryVolumeTracker+VolumeUpdater singleton instance '[Cookery volume tracker]' automatically 
(Filename: C:\buildslave\unity\build\Runtime/Export/Debug/Debug.bindings.h Line: 39)

[Loading] создание игрока (step: 7, frame: 12670) 
(Filename: C:\buildslave\unity\build\Runtime/Export/Debug/Debug.bindings.h Line: 39)

Creating YardTracksOrganizer singleton instance '[YardTracksOrganizer]' automatically 
(Filename: C:\buildslave\unity\build\Runtime/Export/Debug/Debug.bindings.h Line: 39)

[Loading] инициализация вагонного парка (step: 8, frame: 12671) 
(Filename: C:\buildslave\unity\build\Runtime/Export/Debug/Debug.bindings.h Line: 39)

Car pool initialized. 
(Filename: C:\buildslave\unity\build\Runtime/Export/Debug/Debug.bindings.h Line: 39)

[Loading] восстановление сохранённой игры (step: 9, frame: 12715) 
(Filename: C:\buildslave\unity\build\Runtime/Export/Debug/Debug.bindings.h Line: 39)

Verified unchanged difficulty: True 
(Filename: C:\buildslave\unity\build\Runtime/Export/Debug/Debug.bindings.h Line: 39)

Loaded time and date 07/22/2016 16:32:16 
(Filename: C:\buildslave\unity\build\Runtime/Export/Debug/Debug.bindings.h Line: 39)

Creating DV.BedSleepingController singleton instance '[BedSleepingController]' automatically 
(Filename: C:\buildslave\unity\build\Runtime/Export/Debug/Debug.bindings.h Line: 39)

[BedSleepingController] Last bed wakeup time initialized to 07/22/2016 08:32:16 
(Filename: C:\buildslave\unity\build\Runtime/Export/Debug/Debug.bindings.h Line: 39)

[BedSleepingController] Loaded last bed wakeup time: 07/22/2016 07:28:49 
(Filename: C:\buildslave\unity\build\Runtime/Export/Debug/Debug.bindings.h Line: 39)

Creating UnlockablesManager singleton instance '[UnlockablesManager]' automatically 
(Filename: C:\buildslave\unity\build\Runtime/Export/Debug/Debug.bindings.h Line: 39)

Unlocked general licenses: TrainDriver, DE2, ConcurrentJobs1 
(Filename: C:\buildslave\unity\build\Runtime/Export/Debug/Debug.bindings.h Line: 39)

Unlocked job licenses: FreightHaul, Shunting 
(Filename: C:\buildslave\unity\build\Runtime/Export/Debug/Debug.bindings.h Line: 39)

Unlocked garages:  
(Filename: C:\buildslave\unity\build\Runtime/Export/Debug/Debug.bindings.h Line: 39)

Unlocked items:  
(Filename: C:\buildslave\unity\build\Runtime/Export/Debug/Debug.bindings.h Line: 39)

Loaded player position: (12072.3, 133.5, 10571.8) 
(Filename: C:\buildslave\unity\build\Runtime/Export/Debug/Debug.bindings.h Line: 39)

Loaded Licenses and Garages:
GL: GeneralLicenseType_TrainDriver (DV.ThingTypes.GeneralLicenseType_v2), GeneralLicenseType_DE2 (DV.ThingTypes.GeneralLicenseType_v2), GeneralLicenseType_ConcurrentJobs1 (DV.ThingTypes.GeneralLicenseType_v2), 
JL: System.Collections.Generic.HashSet`1[DV.ThingTypes.JobLicenseType_v2]
 
(Filename: C:\buildslave\unity\build\Runtime/Export/Debug/Debug.bindings.h Line: 39)

Rail track hashes match '346E0028A5155A369B04E806CD53269A' 
(Filename: C:\buildslave\unity\build\Runtime/Export/Debug/Debug.bindings.h Line: 39)

Creating UnusedTrainCarDeleter singleton instance '[UnusedTrainCarDeleter]' automatically 
(Filename: C:\buildslave\unity\build\Runtime/Export/Debug/Debug.bindings.h Line: 39)

Creating DV.PhysicsStuff.PhysicsLodManager singleton instance '[physics lod]' automatically 
(Filename: C:\buildslave\unity\build\Runtime/Export/Debug/Debug.bindings.h Line: 39)

Port reader [tm.DYNAMIC_BRAKE] is not set. 
(Filename: C:\buildslave\unity\build\Runtime/Export/Debug/Debug.bindings.h Line: 39)

Port reader [tmPassiveCooler.TARGET_TEMPERATURE] is not set. 
(Filename: C:\buildslave\unity\build\Runtime/Export/Debug/Debug.bindings.h Line: 39)

Port reader [tmDirectionalCooler.TARGET_TEMPERATURE] is not set. 
(Filename: C:\buildslave\unity\build\Runtime/Export/Debug/Debug.bindings.h Line: 39)

Port reader [de.INTERNAL_ENGINE_OFF] is not set. 
(Filename: C:\buildslave\unity\build\Runtime/Export/Debug/Debug.bindings.h Line: 39)

Port reader [de.SEC_GOAL_POWER] is not set. 
(Filename: C:\buildslave\unity\build\Runtime/Export/Debug/Debug.bindings.h Line: 39)

Port reader [de.TEMPERATURE] is not set. 
(Filename: C:\buildslave\unity\build\Runtime/Export/Debug/Debug.bindings.h Line: 39)

Creating DV.InternalExternalSnapshotSwitcherManager singleton instance '[InternalExternalSnapshotSwitcherManager]' automatically 
(Filename: C:\buildslave\unity\build\Runtime/Export/Debug/Debug.bindings.h Line: 39)

Creating DV.ServicePenalty.LocoDebtController singleton instance '[LocoDebtController]' automatically 
(Filename: C:\buildslave\unity\build\Runtime/Export/Debug/Debug.bindings.h Line: 39)

Creating DV.ServicePenalty.CareerManagerDebtController singleton instance '[CareerManagerDebtController]' automatically 
(Filename: C:\buildslave\unity\build\Runtime/Export/Debug/Debug.bindings.h Line: 39)

Port reader [de.RETARDER] is not set. 
(Filename: C:\buildslave\unity\build\Runtime/Export/Debug/Debug.bindings.h Line: 39)

Port reader [fcCooler.TARGET_TEMPERATURE] is not set. 
(Filename: C:\buildslave\unity\build\Runtime/Export/Debug/Debug.bindings.h Line: 39)

Port reader [fcAutomaticCooler.TARGET_TEMPERATURE] is not set. 
(Filename: C:\buildslave\unity\build\Runtime/Export/Debug/Debug.bindings.h Line: 39)

Port reader [tm.DYNAMIC_BRAKE] is not set. 
(Filename: C:\buildslave\unity\build\Runtime/Export/Debug/Debug.bindings.h Line: 39)

Port reader [tmPassiveCooler.TARGET_TEMPERATURE] is not set. 
(Filename: C:\buildslave\unity\build\Runtime/Export/Debug/Debug.bindings.h Line: 39)

Port reader [tmDirectionalCooler.TARGET_TEMPERATURE] is not set. 
(Filename: C:\buildslave\unity\build\Runtime/Export/Debug/Debug.bindings.h Line: 39)

Port reader [de.INTERNAL_ENGINE_OFF] is not set. 
(Filename: C:\buildslave\unity\build\Runtime/Export/Debug/Debug.bindings.h Line: 39)

Port reader [de.SEC_GOAL_POWER] is not set. 
(Filename: C:\buildslave\unity\build\Runtime/Export/Debug/Debug.bindings.h Line: 39)

Port reader [de.TEMPERATURE] is not set. 
(Filename: C:\buildslave\unity\build\Runtime/Export/Debug/Debug.bindings.h Line: 39)

Port reader [tm.DYNAMIC_BRAKE] is not set. 
(Filename: C:\buildslave\unity\build\Runtime/Export/Debug/Debug.bindings.h Line: 39)

Port reader [tmPassiveCooler.TARGET_TEMPERATURE] is not set. 
(Filename: C:\buildslave\unity\build\Runtime/Export/Debug/Debug.bindings.h Line: 39)

Port reader [tmDirectionalCooler.TARGET_TEMPERATURE] is not set. 
(Filename: C:\buildslave\unity\build\Runtime/Export/Debug/Debug.bindings.h Line: 39)

Port reader [de.INTERNAL_ENGINE_OFF] is not set. 
(Filename: C:\buildslave\unity\build\Runtime/Export/Debug/Debug.bindings.h Line: 39)

Port reader [de.SEC_GOAL_POWER] is not set. 
(Filename: C:\buildslave\unity\build\Runtime/Export/Debug/Debug.bindings.h Line: 39)

Port reader [de.TEMPERATURE] is not set. 
(Filename: C:\buildslave\unity\build\Runtime/Export/Debug/Debug.bindings.h Line: 39)

Port reader [tm.DYNAMIC_BRAKE] is not set. 
(Filename: C:\buildslave\unity\build\Runtime/Export/Debug/Debug.bindings.h Line: 39)

Port reader [tmPassiveCooler.TARGET_TEMPERATURE] is not set. 
(Filename: C:\buildslave\unity\build\Runtime/Export/Debug/Debug.bindings.h Line: 39)

Port reader [tmDirectionalCooler.TARGET_TEMPERATURE] is not set. 
(Filename: C:\buildslave\unity\build\Runtime/Export/Debug/Debug.bindings.h Line: 39)

Port reader [de.INTERNAL_ENGINE_OFF] is not set. 
(Filename: C:\buildslave\unity\build\Runtime/Export/Debug/Debug.bindings.h Line: 39)

Port reader [de.SEC_GOAL_POWER] is not set. 
(Filename: C:\buildslave\unity\build\Runtime/Export/Debug/Debug.bindings.h Line: 39)

Port reader [de.TEMPERATURE] is not set. 
(Filename: C:\buildslave\unity\build\Runtime/Export/Debug/Debug.bindings.h Line: 39)

Cars loaded 
(Filename: C:\buildslave\unity\build\Runtime/Export/Debug/Debug.bindings.h Line: 39)

[Loading] ожидание окончания загрузки местности (step: 10, frame: 12718) 
(Filename: C:\buildslave\unity\build\Runtime/Export/Debug/Debug.bindings.h Line: 39)

Waiting for TerrainGrid to load terrains 
(Filename: C:\buildslave\unity\build\Runtime/Export/Debug/Debug.bindings.h Line: 39)

[Loading] инициализация стриминга (step: 11, frame: 12768) 
(Filename: C:\buildslave\unity\build\Runtime/Export/Debug/Debug.bindings.h Line: 39)

[Loading] ожидание окончания загрузки стриминга данных (step: 12, frame: 12769) 
(Filename: C:\buildslave\unity\build\Runtime/Export/Debug/Debug.bindings.h Line: 39)

[MainMenuMusicFadeout] starting fade-out 
(Filename: C:\buildslave\unity\build\Runtime/Export/Debug/Debug.bindings.h Line: 39)

Animator.GotoState: State could not be found 
(Filename:  Line: 1349)

Invalid Layer Index '-1' 
(Filename:  Line: 915)

UpdateVSProCamera assigning camera 'camera' 
(Filename: C:\buildslave\unity\build\Runtime/Export/Debug/Debug.bindings.h Line: 39)

LayerLODSetup updating culling distances for camera 'camera' 
(Filename: C:\buildslave\unity\build\Runtime/Export/Debug/Debug.bindings.h Line: 39)

StartingItemsController initializing 
(Filename: C:\buildslave\unity\build\Runtime/Export/Debug/Debug.bindings.h Line: 39)

Creating JobSaveManager singleton instance '[JobSaveManager]' automatically 
(Filename: C:\buildslave\unity\build\Runtime/Export/Debug/Debug.bindings.h Line: 39)

Creating DV.Logic.Job.JobsManager singleton instance '[JobsManager]' automatically 
(Filename: C:\buildslave\unity\build\Runtime/Export/Debug/Debug.bindings.h Line: 39)

Creating DV.ServicePenalty.JobDebtController singleton instance '[JobDebtController]' automatically 
(Filename: C:\buildslave\unity\build\Runtime/Export/Debug/Debug.bindings.h Line: 39)

Successfully loaded job chain: [LOADED] ChainJob[Transport]: GF - FF 
(Filename: C:\buildslave\unity\build\Runtime/Export/Debug/Debug.bindings.h Line: 39)

Matched job and job booklet [GF-FH-80] 
(Filename: C:\buildslave\unity\build\Runtime/Export/Debug/Debug.bindings.h Line: 39)

Successfully loaded job chain: [LOADED] ChainJob[Transport]: GF - MF 
(Filename: C:\buildslave\unity\build\Runtime/Export/Debug/Debug.bindings.h Line: 39)

Successfully loaded job chain: [LOADED] ChainJob[EmptyHaul]: GF - OWC 
(Filename: C:\buildslave\unity\build\Runtime/Export/Debug/Debug.bindings.h Line: 39)

Successfully loaded job chain: [LOADED] ChainJob[Transport]: GF - HB 
(Filename: C:\buildslave\unity\build\Runtime/Export/Debug/Debug.bindings.h Line: 39)

Successfully loaded job chain: [LOADED] ChainJob[ShuntingLoad]: GF - CSW 
(Filename: C:\buildslave\unity\build\Runtime/Export/Debug/Debug.bindings.h Line: 39)

Successfully loaded job chain: [LOADED] ChainJob[EmptyHaul]: GF - CSW 
(Filename: C:\buildslave\unity\build\Runtime/Export/Debug/Debug.bindings.h Line: 39)

Successfully loaded job chain: [LOADED] ChainJob[EmptyHaul]: GF - MF 
(Filename: C:\buildslave\unity\build\Runtime/Export/Debug/Debug.bindings.h Line: 39)

Loaded existing locos debt 
(Filename: C:\buildslave\unity\build\Runtime/Export/Debug/Debug.bindings.h Line: 39)

Loaded destroyed locos debt 
(Filename: C:\buildslave\unity\build\Runtime/Export/Debug/Debug.bindings.h Line: 39)

Loaded existing jobs debt 
(Filename: C:\buildslave\unity\build\Runtime/Export/Debug/Debug.bindings.h Line: 39)

Loaded staged jobs debt 
(Filename: C:\buildslave\unity\build\Runtime/Export/Debug/Debug.bindings.h Line: 39)

Loaded deleted jobless cars debt 
(Filename: C:\buildslave\unity\build\Runtime/Export/Debug/Debug.bindings.h Line: 39)

Loaded insurance fee data 
(Filename: C:\buildslave\unity\build\Runtime/Export/Debug/Debug.bindings.h Line: 39)

Player entering car 'LocoDE2(Clone) (TrainCar)' 
(Filename: C:\buildslave\unity\build\Runtime/Export/Debug/Debug.bindings.h Line: 39)

Setting 'LocoDE2(Clone) (TrainCar)' as Player's last loco. 
(Filename: C:\buildslave\unity\build\Runtime/Export/Debug/Debug.bindings.h Line: 39)

12852 - Player teleported to car: LocoDE2(Clone) [interior] 
(Filename: C:\buildslave\unity\build\Runtime/Export/Debug/Debug.bindings.h Line: 39)

Hazmat data loaded 
(Filename: C:\buildslave\unity\build\Runtime/Export/Debug/Debug.bindings.h Line: 39)

12852 - carsAndJobsLoadingFinished 
(Filename: C:\buildslave\unity\build\Runtime/Export/Debug/Debug.bindings.h Line: 39)

[Loading] Готово (step: 13, frame: 12852) 
(Filename: C:\buildslave\unity\build\Runtime/Export/Debug/Debug.bindings.h Line: 39)

SaveLoadController session is null 
(Filename: C:\buildslave\unity\build\Runtime/Export/Debug/Debug.bindings.h Line: 39)

UIMenuController proceeding with switching the menu to index 2 
(Filename: C:\buildslave\unity\build\Runtime/Export/Debug/Debug.bindings.h Line: 39)

UIMenuController proceeding with switching the menu to index 3 
(Filename: C:\buildslave\unity\build\Runtime/Export/Debug/Debug.bindings.h Line: 39)

ManualDataLoader: Manual data loaded for language: 'russian'. 
(Filename: C:\buildslave\unity\build\Runtime/Export/Debug/Debug.bindings.h Line: 39)

UIMenuController proceeding with switching the menu to index 4 
(Filename: C:\buildslave\unity\build\Runtime/Export/Debug/Debug.bindings.h Line: 39)

UIMenuController proceeding with switching the menu to index 1 
(Filename: C:\buildslave\unity\build\Runtime/Export/Debug/Debug.bindings.h Line: 39)

UIMenuController proceeding with switching the menu to index 2 
(Filename: C:\buildslave\unity\build\Runtime/Export/Debug/Debug.bindings.h Line: 39)

UIMenuController proceeding with switching the menu to index 0 
(Filename: C:\buildslave\unity\build\Runtime/Export/Debug/Debug.bindings.h Line: 39)

Destroying StartGameData_FromSaveGame '[start game data] (StartGameData_FromSaveGame)' 
(Filename: C:\buildslave\unity\build\Runtime/Export/Debug/Debug.bindings.h Line: 39)

Creating MouseUiInputEvents singleton instance '[MouseUiInputEvents]' automatically 
(Filename: C:\buildslave\unity\build\Runtime/Export/Debug/Debug.bindings.h Line: 39)

[MainMenuMusicFadeout] destroying main menu music 
(Filename: C:\buildslave\unity\build\Runtime/Export/Debug/Debug.bindings.h Line: 39)

[MemoryMonitoring] OS increased system memory from 18135048 to 19194244 KB 
(Filename: C:\buildslave\unity\build\Runtime/Export/Debug/Debug.bindings.h Line: 39)

Autosaving 
(Filename: C:\buildslave\unity\build\Runtime/Export/Debug/Debug.bindings.h Line: 39)

Autosaving 
(Filename: C:\buildslave\unity\build\Runtime/Export/Debug/Debug.bindings.h Line: 39)

Port reader [tm.DYNAMIC_BRAKE] is not set. 
(Filename: C:\buildslave\unity\build\Runtime/Export/Debug/Debug.bindings.h Line: 39)

Port reader [tmPassiveCooler.TARGET_TEMPERATURE] is not set. 
(Filename: C:\buildslave\unity\build\Runtime/Export/Debug/Debug.bindings.h Line: 39)

Port reader [tmDirectionalCooler.TARGET_TEMPERATURE] is not set. 
(Filename: C:\buildslave\unity\build\Runtime/Export/Debug/Debug.bindings.h Line: 39)

Port reader [de.INTERNAL_ENGINE_OFF] is not set. 
(Filename: C:\buildslave\unity\build\Runtime/Export/Debug/Debug.bindings.h Line: 39)

Port reader [de.SEC_GOAL_POWER] is not set. 
(Filename: C:\buildslave\unity\build\Runtime/Export/Debug/Debug.bindings.h Line: 39)

Port reader [de.TEMPERATURE] is not set. 
(Filename: C:\buildslave\unity\build\Runtime/Export/Debug/Debug.bindings.h Line: 39)

Port reader [de.RETARDER] is not set. 
(Filename: C:\buildslave\unity\build\Runtime/Export/Debug/Debug.bindings.h Line: 39)

Port reader [fcCooler.TARGET_TEMPERATURE] is not set. 
(Filename: C:\buildslave\unity\build\Runtime/Export/Debug/Debug.bindings.h Line: 39)

Port reader [fcAutomaticCooler.TARGET_TEMPERATURE] is not set. 
(Filename: C:\buildslave\unity\build\Runtime/Export/Debug/Debug.bindings.h Line: 39)

UIMenuController proceeding with switching the menu to index 0 
(Filename: C:\buildslave\unity\build\Runtime/Export/Debug/Debug.bindings.h Line: 39)

UIMenuController proceeding with switching the menu to index 0 
(Filename: C:\buildslave\unity\build\Runtime/Export/Debug/Debug.bindings.h Line: 39)

UIMenuController proceeding with switching the menu to index 1 
(Filename: C:\buildslave\unity\build\Runtime/Export/Debug/Debug.bindings.h Line: 39)

Game saved (Manual) at 7:21:19 
(Filename: C:\buildslave\unity\build\Runtime/Export/Debug/Debug.bindings.h Line: 39)

UIMenuController proceeding with switching the menu to index 0 
(Filename: C:\buildslave\unity\build\Runtime/Export/Debug/Debug.bindings.h Line: 39)

UIMenuController proceeding with switching the menu to index 2 
(Filename: C:\buildslave\unity\build\Runtime/Export/Debug/Debug.bindings.h Line: 39)

UIMenuController proceeding with switching the menu to index 0 
(Filename: C:\buildslave\unity\build\Runtime/Export/Debug/Debug.bindings.h Line: 39)

UIMenuController proceeding with switching the menu to index 1 
(Filename: C:\buildslave\unity\build\Runtime/Export/Debug/Debug.bindings.h Line: 39)

UIMenuController proceeding with switching the menu to index 3 
(Filename: C:\buildslave\unity\build\Runtime/Export/Debug/Debug.bindings.h Line: 39)

UIMenuController proceeding with switching the menu to index 6 
(Filename: C:\buildslave\unity\build\Runtime/Export/Debug/Debug.bindings.h Line: 39)

UIMenuController proceeding with switching the menu to index 3 
(Filename: C:\buildslave\unity\build\Runtime/Export/Debug/Debug.bindings.h Line: 39)

Applying preference changes 
(Filename: C:\buildslave\unity\build\Runtime/Export/Debug/Debug.bindings.h Line: 39)

Applying '3' to MouseSensitivity 
(Filename: C:\buildslave\unity\build\Runtime/Export/Debug/Debug.bindings.h Line: 39)

Applying 'False' to LeanToggle 
(Filename: C:\buildslave\unity\build\Runtime/Export/Debug/Debug.bindings.h Line: 39)

Applying '1' to AnisotropicFiltering 
(Filename: C:\buildslave\unity\build\Runtime/Export/Debug/Debug.bindings.h Line: 39)

Applying '3' to ShadowsQualityIndex 
(Filename: C:\buildslave\unity\build\Runtime/Export/Debug/Debug.bindings.h Line: 39)

Applying '2' to ReflectionQualityIndex 
(Filename: C:\buildslave\unity\build\Runtime/Export/Debug/Debug.bindings.h Line: 39)

Applying '2' to RainQualityIndex 
(Filename: C:\buildslave\unity\build\Runtime/Export/Debug/Debug.bindings.h Line: 39)

Applying '4' to VegetationQualityIndex 
(Filename: C:\buildslave\unity\build\Runtime/Export/Debug/Debug.bindings.h Line: 39)

Applying '1' to DetailLevel 
(Filename: C:\buildslave\unity\build\Runtime/Export/Debug/Debug.bindings.h Line: 39)

Applying '1' to LightingQualityIndex 
(Filename: C:\buildslave\unity\build\Runtime/Export/Debug/Debug.bindings.h Line: 39)

Applying 'True' to MotionBlur 
(Filename: C:\buildslave\unity\build\Runtime/Export/Debug/Debug.bindings.h Line: 39)

Applying 'True' to SSAO 
(Filename: C:\buildslave\unity\build\Runtime/Export/Debug/Debug.bindings.h Line: 39)

Wrote game preferences configuration: C:\Users\Dmytro\AppData\LocalLow\Altfuture\Derail Valley\Preferences\000_Player.ini 
(Filename: C:\buildslave\unity\build\Runtime/Export/Debug/Debug.bindings.h Line: 39)

SM job generation started 
(Filename: C:\buildslave\unity\build\Runtime/Export/Debug/Debug.bindings.h Line: 39)

Generated ChainJob[Transport]: SM - HB (SM-FH-98) | rng seed: 8963218
Generated ChainJob[Transport]: SM - HB (SM-FH-73) | rng seed: 8963453
Generated ChainJob[Transport]: SM - HB (SM-FH-08) | rng seed: 8963750
Generated ChainJob[ShuntingLoad]: SM - MF (SM-SL-54) | rng seed: 8964000
Generated ChainJob[ShuntingLoad]: SM - GF (SM-SL-50) | rng seed: 8964218
Generated ChainJob[ShuntingUnload]: CM - SM (SM-SU-85) | rng seed: 8964625
Generated ChainJob[EmptyHaul]: SM - FM (SM-LH-71) | rng seed: 8964984
Generated ChainJob[EmptyHaul]: SM - IMW (SM-LH-64) | rng seed: 8965250
Generated ChainJob[ShuntingLoad]: SM - GF (SM-SL-47) | rng seed: 8965468
Generated ChainJob[ShuntingUnload]: HB - SM (SM-SU-52) | rng seed: 8966078
 
(Filename: C:\buildslave\unity\build\Runtime/Export/Debug/Debug.bindings.h Line: 39)

Autosaving 
(Filename: C:\buildslave\unity\build\Runtime/Export/Debug/Debug.bindings.h Line: 39)

LoadedPak set to null in Dispose call 
(Filename: C:\buildslave\unity\build\Runtime/Export/Debug/Debug.bindings.h Line: 39)

UIMenuController proceeding with switching the menu to index 0 
(Filename: C:\buildslave\unity\build\Runtime/Export/Debug/Debug.bindings.h Line: 39)

UIMenuController proceeding with switching the menu to index 2 
(Filename: C:\buildslave\unity\build\Runtime/Export/Debug/Debug.bindings.h Line: 39)

Applying preference changes 
(Filename: C:\buildslave\unity\build\Runtime/Export/Debug/Debug.bindings.h Line: 39)

Applying '2' to AnisotropicFiltering 
(Filename: C:\buildslave\unity\build\Runtime/Export/Debug/Debug.bindings.h Line: 39)

Applying '4' to ShadowsQualityIndex 
(Filename: C:\buildslave\unity\build\Runtime/Export/Debug/Debug.bindings.h Line: 39)

Applying '3' to ReflectionQualityIndex 
(Filename: C:\buildslave\unity\build\Runtime/Export/Debug/Debug.bindings.h Line: 39)

Applying '3' to RainQualityIndex 
(Filename: C:\buildslave\unity\build\Runtime/Export/Debug/Debug.bindings.h Line: 39)

Applying '5' to VegetationQualityIndex 
(Filename: C:\buildslave\unity\build\Runtime/Export/Debug/Debug.bindings.h Line: 39)

Applying '2' to DetailLevel 
(Filename: C:\buildslave\unity\build\Runtime/Export/Debug/Debug.bindings.h Line: 39)

Applying '2' to LightingQualityIndex 
(Filename: C:\buildslave\unity\build\Runtime/Export/Debug/Debug.bindings.h Line: 39)

Wrote game preferences configuration: C:\Users\Dmytro\AppData\LocalLow\Altfuture\Derail Valley\Preferences\000_Player.ini 
(Filename: C:\buildslave\unity\build\Runtime/Export/Debug/Debug.bindings.h Line: 39)

Port reader [tm.DYNAMIC_BRAKE] is not set. 
(Filename: C:\buildslave\unity\build\Runtime/Export/Debug/Debug.bindings.h Line: 39)

Port reader [tmPassiveCooler.TARGET_TEMPERATURE] is not set. 
(Filename: C:\buildslave\unity\build\Runtime/Export/Debug/Debug.bindings.h Line: 39)

Port reader [tmDirectionalCooler.TARGET_TEMPERATURE] is not set. 
(Filename: C:\buildslave\unity\build\Runtime/Export/Debug/Debug.bindings.h Line: 39)

Port reader [de.INTERNAL_ENGINE_OFF] is not set. 
(Filename: C:\buildslave\unity\build\Runtime/Export/Debug/Debug.bindings.h Line: 39)

Port reader [de.SEC_GOAL_POWER] is not set. 
(Filename: C:\buildslave\unity\build\Runtime/Export/Debug/Debug.bindings.h Line: 39)

Port reader [de.TEMPERATURE] is not set. 
(Filename: C:\buildslave\unity\build\Runtime/Export/Debug/Debug.bindings.h Line: 39)

FM job generation started 
(Filename: C:\buildslave\unity\build\Runtime/Export/Debug/Debug.bindings.h Line: 39)

Generated ChainJob[Transport]: FM - FF (FM-FH-49) | rng seed: 9142187
Generated ChainJob[Transport]: FM - FF (FM-FH-82) | rng seed: 9142406
Generated ChainJob[EmptyHaul]: FM - FF (FM-LH-53) | rng seed: 9142625
Generated ChainJob[ShuntingLoad]: FM - FF (FM-SL-61) | rng seed: 9142875
Generated ChainJob[ShuntingLoad]: FM - FF (FM-SL-99) | rng seed: 9143109
Generated ChainJob[ShuntingLoad]: FM - FF (FM-SL-91) | rng seed: 9143375
 
(Filename: C:\buildslave\unity\build\Runtime/Export/Debug/Debug.bindings.h Line: 39)

Autosaving 
(Filename: C:\buildslave\unity\build\Runtime/Export/Debug/Debug.bindings.h Line: 39)

LoadedPak set to null in Dispose call 
(Filename: C:\buildslave\unity\build\Runtime/Export/Debug/Debug.bindings.h Line: 39)

Port reader [tmPassiveCooler.TARGET_TEMPERATURE] is not set. 
(Filename: C:\buildslave\unity\build\Runtime/Export/Debug/Debug.bindings.h Line: 39)

Port reader [tmDBCooler.TARGET_TEMPERATURE] is not set. 
(Filename: C:\buildslave\unity\build\Runtime/Export/Debug/Debug.bindings.h Line: 39)

Port reader [de.INTERNAL_ENGINE_OFF] is not set. 
(Filename: C:\buildslave\unity\build\Runtime/Export/Debug/Debug.bindings.h Line: 39)

Port reader [de.TEMPERATURE] is not set. 
(Filename: C:\buildslave\unity\build\Runtime/Export/Debug/Debug.bindings.h Line: 39)

OWC job generation started 
(Filename: C:\buildslave\unity\build\Runtime/Export/Debug/Debug.bindings.h Line: 39)

Couldn't generate any player licensed job
Generated ChainJob[Transport]: OWC - HB (OWC-FH-78) | rng seed: 9312906
Generated ChainJob[Transport]: OWC - HB (OWC-FH-79) | rng seed: 9313140
Generated ChainJob[Transport]: OWC - FF (OWC-FH-77) | rng seed: 9313390
Generated ChainJob[ShuntingLoad]: OWC - HB (OWC-SL-57) | rng seed: 9313640
Generated ChainJob[Transport]: OWC - HB (OWC-FH-38) | rng seed: 9313875
Generated ChainJob[ShuntingLoad]: OWC - GF (OWC-SL-26) | rng seed: 9314390
 
(Filename: C:\buildslave\unity\build\Runtime/Export/Debug/Debug.bindings.h Line: 39)

UIMenuController proceeding with switching the menu to index 0 
(Filename: C:\buildslave\unity\build\Runtime/Export/Debug/Debug.bindings.h Line: 39)

UIMenuController proceeding with switching the menu to index 1 
(Filename: C:\buildslave\unity\build\Runtime/Export/Debug/Debug.bindings.h Line: 39)

Game saved (Manual) at 7:29:54 
(Filename: C:\buildslave\unity\build\Runtime/Export/Debug/Debug.bindings.h Line: 39)

Autosaving 
(Filename: C:\buildslave\unity\build\Runtime/Export/Debug/Debug.bindings.h Line: 39)

LoadedPak set to null in Dispose call 
(Filename: C:\buildslave\unity\build\Runtime/Export/Debug/Debug.bindings.h Line: 39)

[MemoryMonitoring] OS increased system memory from 19194244 to 20262140 KB 
(Filename: C:\buildslave\unity\build\Runtime/Export/Debug/Debug.bindings.h Line: 39)

Autosaving 
(Filename: C:\buildslave\unity\build\Runtime/Export/Debug/Debug.bindings.h Line: 39)

LoadedPak set to null in Dispose call 
(Filename: C:\buildslave\unity\build\Runtime/Export/Debug/Debug.bindings.h Line: 39)

Port reader [tm.DYNAMIC_BRAKE] is not set. 
(Filename: C:\buildslave\unity\build\Runtime/Export/Debug/Debug.bindings.h Line: 39)

Port reader [tmPassiveCooler.TARGET_TEMPERATURE] is not set. 
(Filename: C:\buildslave\unity\build\Runtime/Export/Debug/Debug.bindings.h Line: 39)

Port reader [tmDirectionalCooler.TARGET_TEMPERATURE] is not set. 
(Filename: C:\buildslave\unity\build\Runtime/Export/Debug/Debug.bindings.h Line: 39)

Port reader [de.INTERNAL_ENGINE_OFF] is not set. 
(Filename: C:\buildslave\unity\build\Runtime/Export/Debug/Debug.bindings.h Line: 39)

Port reader [de.SEC_GOAL_POWER] is not set. 
(Filename: C:\buildslave\unity\build\Runtime/Export/Debug/Debug.bindings.h Line: 39)

Port reader [de.TEMPERATURE] is not set. 
(Filename: C:\buildslave\unity\build\Runtime/Export/Debug/Debug.bindings.h Line: 39)

UIMenuController proceeding with switching the menu to index 0 
(Filename: C:\buildslave\unity\build\Runtime/Export/Debug/Debug.bindings.h Line: 39)

UIMenuController proceeding with switching the menu to index 1 
(Filename: C:\buildslave\unity\build\Runtime/Export/Debug/Debug.bindings.h Line: 39)

Game saved (Manual) at 7:34:22 
(Filename: C:\buildslave\unity\build\Runtime/Export/Debug/Debug.bindings.h Line: 39)

CSW job generation started 
(Filename: C:\buildslave\unity\build\Runtime/Export/Debug/Debug.bindings.h Line: 39)

Generated ChainJob[Transport]: CSW - GF (CSW-FH-58) | rng seed: 9692390
Generated ChainJob[ShuntingLoad]: CSW - SM (CSW-SL-61) | rng seed: 9692703
Generated ChainJob[EmptyHaul]: CSW - FF (CSW-LH-95) | rng seed: 9693031
Generated ChainJob[ShuntingUnload]: OWC - CSW (CSW-SU-08) | rng seed: 9693453
 
(Filename: C:\buildslave\unity\build\Runtime/Export/Debug/Debug.bindings.h Line: 39)

Autosaving 
(Filename: C:\buildslave\unity\build\Runtime/Export/Debug/Debug.bindings.h Line: 39)

LoadedPak set to null in Dispose call 
(Filename: C:\buildslave\unity\build\Runtime/Export/Debug/Debug.bindings.h Line: 39)

Autosaving 
(Filename: C:\buildslave\unity\build\Runtime/Export/Debug/Debug.bindings.h Line: 39)

LoadedPak set to null in Dispose call 
(Filename: C:\buildslave\unity\build\Runtime/Export/Debug/Debug.bindings.h Line: 39)

Autosaving 
(Filename: C:\buildslave\unity\build\Runtime/Export/Debug/Debug.bindings.h Line: 39)

LoadedPak set to null in Dispose call 
(Filename: C:\buildslave\unity\build\Runtime/Export/Debug/Debug.bindings.h Line: 39)

Port reader [de.RETARDER] is not set. 
(Filename: C:\buildslave\unity\build\Runtime/Export/Debug/Debug.bindings.h Line: 39)

Port reader [fcCooler.TARGET_TEMPERATURE] is not set. 
(Filename: C:\buildslave\unity\build\Runtime/Export/Debug/Debug.bindings.h Line: 39)

Port reader [fcAutomaticCooler.TARGET_TEMPERATURE] is not set. 
(Filename: C:\buildslave\unity\build\Runtime/Export/Debug/Debug.bindings.h Line: 39)

Port reader [tmPassiveCooler.TARGET_TEMPERATURE] is not set. 
(Filename: C:\buildslave\unity\build\Runtime/Export/Debug/Debug.bindings.h Line: 39)

Port reader [tmDBCooler.TARGET_TEMPERATURE] is not set. 
(Filename: C:\buildslave\unity\build\Runtime/Export/Debug/Debug.bindings.h Line: 39)

Port reader [de.INTERNAL_ENGINE_OFF] is not set. 
(Filename: C:\buildslave\unity\build\Runtime/Export/Debug/Debug.bindings.h Line: 39)

Port reader [de.TEMPERATURE] is not set. 
(Filename: C:\buildslave\unity\build\Runtime/Export/Debug/Debug.bindings.h Line: 39)

Port reader [tm.DYNAMIC_BRAKE] is not set. 
(Filename: C:\buildslave\unity\build\Runtime/Export/Debug/Debug.bindings.h Line: 39)

Port reader [tmPassiveCooler.TARGET_TEMPERATURE] is not set. 
(Filename: C:\buildslave\unity\build\Runtime/Export/Debug/Debug.bindings.h Line: 39)

Port reader [tmDirectionalCooler.TARGET_TEMPERATURE] is not set. 
(Filename: C:\buildslave\unity\build\Runtime/Export/Debug/Debug.bindings.h Line: 39)

Port reader [de.INTERNAL_ENGINE_OFF] is not set. 
(Filename: C:\buildslave\unity\build\Runtime/Export/Debug/Debug.bindings.h Line: 39)

Port reader [de.SEC_GOAL_POWER] is not set. 
(Filename: C:\buildslave\unity\build\Runtime/Export/Debug/Debug.bindings.h Line: 39)

Port reader [de.TEMPERATURE] is not set. 
(Filename: C:\buildslave\unity\build\Runtime/Export/Debug/Debug.bindings.h Line: 39)

Port reader [tmPassiveCooler.TARGET_TEMPERATURE] is not set. 
(Filename: C:\buildslave\unity\build\Runtime/Export/Debug/Debug.bindings.h Line: 39)

Port reader [tmDBCooler.TARGET_TEMPERATURE] is not set. 
(Filename: C:\buildslave\unity\build\Runtime/Export/Debug/Debug.bindings.h Line: 39)

Port reader [de.INTERNAL_ENGINE_OFF] is not set. 
(Filename: C:\buildslave\unity\build\Runtime/Export/Debug/Debug.bindings.h Line: 39)

Port reader [de.TEMPERATURE] is not set. 
(Filename: C:\buildslave\unity\build\Runtime/Export/Debug/Debug.bindings.h Line: 39)

Port reader [tmPassiveCooler.TARGET_TEMPERATURE] is not set. 
(Filename: C:\buildslave\unity\build\Runtime/Export/Debug/Debug.bindings.h Line: 39)

Port reader [tmDBCooler.TARGET_TEMPERATURE] is not set. 
(Filename: C:\buildslave\unity\build\Runtime/Export/Debug/Debug.bindings.h Line: 39)

Port reader [de.INTERNAL_ENGINE_OFF] is not set. 
(Filename: C:\buildslave\unity\build\Runtime/Export/Debug/Debug.bindings.h Line: 39)

Port reader [de.TEMPERATURE] is not set. 
(Filename: C:\buildslave\unity\build\Runtime/Export/Debug/Debug.bindings.h Line: 39)

[MemoryMonitoring] OS increased system memory from 20262140 to 21320980 KB 
(Filename: C:\buildslave\unity\build\Runtime/Export/Debug/Debug.bindings.h Line: 39)

MF job generation started 
(Filename: C:\buildslave\unity\build\Runtime/Export/Debug/Debug.bindings.h Line: 39)

Generated ChainJob[Transport]: MF - HB (MF-FH-23) | rng seed: 10257296
Generated ChainJob[Transport]: MF - HB (MF-FH-19) | rng seed: 10257515
Generated ChainJob[EmptyHaul]: MF - CSW (MF-LH-40) | rng seed: 10257875
Generated ChainJob[Transport]: MF - HB (MF-FH-79) | rng seed: 10258140
Generated ChainJob[EmptyHaul]: MF - FF (MF-LH-41) | rng seed: 10258390
Generated ChainJob[ShuntingUnload]: FF - MF (MF-SU-74) | rng seed: 10258812
 
(Filename: C:\buildslave\unity\build\Runtime/Export/Debug/Debug.bindings.h Line: 39)

Player exiting car 'LocoDE2(Clone)' 
(Filename: C:\buildslave\unity\build\Runtime/Export/Debug/Debug.bindings.h Line: 39)

MFMB job generation started 
(Filename: C:\buildslave\unity\build\Runtime/Export/Debug/Debug.bindings.h Line: 39)

Couldn't generate any player licensed job
Generated ChainJob[Transport]: MFMB - HMB (MFMB-FH-88) | rng seed: 10306984
Generated ChainJob[EmptyHaul]: MFMB - HMB (MFMB-LH-55) | rng seed: 10307312
 
(Filename: C:\buildslave\unity\build\Runtime/Export/Debug/Debug.bindings.h Line: 39)

Autosaving 
(Filename: C:\buildslave\unity\build\Runtime/Export/Debug/Debug.bindings.h Line: 39)

LoadedPak set to null in Dispose call 
(Filename: C:\buildslave\unity\build\Runtime/Export/Debug/Debug.bindings.h Line: 39)

Player entering car 'LocoDE2(Clone) (TrainCar)' 
(Filename: C:\buildslave\unity\build\Runtime/Export/Debug/Debug.bindings.h Line: 39)

Setting 'LocoDE2(Clone) (TrainCar)' as Player's last loco. 
(Filename: C:\buildslave\unity\build\Runtime/Export/Debug/Debug.bindings.h Line: 39)

[QuickTutorialInitiator] Already passed quick tutorial for LocoDE2 
(Filename: C:\buildslave\unity\build\Runtime/Export/Debug/Debug.bindings.h Line: 39)

UIMenuController proceeding with switching the menu to index 0 
(Filename: C:\buildslave\unity\build\Runtime/Export/Debug/Debug.bindings.h Line: 39)

UIMenuController proceeding with switching the menu to index 0 
(Filename: C:\buildslave\unity\build\Runtime/Export/Debug/Debug.bindings.h Line: 39)

UIMenuController proceeding with switching the menu to index 1 
(Filename: C:\buildslave\unity\build\Runtime/Export/Debug/Debug.bindings.h Line: 39)

Game saved (Manual) at 7:49:40 
(Filename: C:\buildslave\unity\build\Runtime/Export/Debug/Debug.bindings.h Line: 39)

Application quit requested 
(Filename: C:\buildslave\unity\build\Runtime/Export/Debug/Debug.bindings.h Line: 39)

Setting up 3 worker threads for Enlighten.
  Thread -> id: c80 -> priority: 1 
  Thread -> id: 2098 -> priority: 1 
  Thread -> id: 16a8 -> priority: 1 
UnityException: Trying to destroy invalid instance of 'Bolt.SceneVariables' singleton in scene 'game_w3'.
  at Ludiq.SceneSingleton`1[T].OnDestroy (T instance) [0x00100] in <afc846f684364b38be7b9624a972dc39>:0 
  at Bolt.SceneVariables.OnDestroy () [0x00000] in <efb81956579344b9ab72ac0fca6778a3>:0 
 
(Filename: <afc846f684364b38be7b9624a972dc39> Line: 0)

